INFO 2025-05-06 02:36:25,156 Auth info was exported to ./.tmp/auth_info.json api\debug\debug.cpp:17 xcx@DESKTOP-R38IOME
ERROR 2025-05-06 02:36:26,903 NE_RS_UNBLDRE: Unable to load application resource file /resources/favicon.ico api\debug\debug.cpp:20 xcx@DESKTOP-R38IOME
INFO 2025-05-06 02:39:06,226 Auth info was exported to ./.tmp/auth_info.json api\debug\debug.cpp:17 xcx@DESKTOP-R38IOME
ERROR 2025-05-06 02:39:06,855 NE_RS_UNBLDRE: Unable to load application resource file /resources/favicon.ico api\debug\debug.cpp:20 xcx@DESKTOP-R38IOME
INFO 2025-05-06 02:42:49,494 Auth info was exported to ./.tmp/auth_info.json api\debug\debug.cpp:17 xcx@DESKTOP-R38IOME
ERROR 2025-05-06 02:42:49,993 NE_RS_UNBLDRE: Unable to load application resource file /resources/main.js api\debug\debug.cpp:20 xcx@DESKTOP-R38IOME
ERROR 2025-05-06 02:42:50,036 NE_RS_UNBLDRE: Unable to load application resource file /resources/favicon.ico api\debug\debug.cpp:20 xcx@DESKTOP-R38IOME
INFO 2025-05-06 02:43:26,699 Auth info was exported to ./.tmp/auth_info.json api\debug\debug.cpp:17 xcx@DESKTOP-R38IOME
ERROR 2025-05-06 02:43:27,234 NE_RS_UNBLDRE: Unable to load application resource file /resources/favicon.ico api\debug\debug.cpp:20 xcx@DESKTOP-R38IOME
INFO 2025-05-06 02:44:00,130 Auth info was exported to ./.tmp/auth_info.json api\debug\debug.cpp:17 xcx@DESKTOP-R38IOME
ERROR 2025-05-06 02:44:00,710 NE_RS_UNBLDRE: Unable to load application resource file /resources/favicon.ico api\debug\debug.cpp:20 xcx@DESKTOP-R38IOME
INFO 2025-05-06 02:44:41,547 Auth info was exported to ./.tmp/auth_info.json api\debug\debug.cpp:17 xcx@DESKTOP-R38IOME
ERROR 2025-05-06 02:44:42,066 NE_RS_UNBLDRE: Unable to load application resource file /resources/favicon.ico api\debug\debug.cpp:20 xcx@DESKTOP-R38IOME
INFO 2025-05-06 02:45:18,801 Auth info was exported to ./.tmp/auth_info.json api\debug\debug.cpp:17 xcx@DESKTOP-R38IOME
ERROR 2025-05-06 02:45:19,335 NE_RS_UNBLDRE: Unable to load application resource file /resources/neutralino.js api\debug\debug.cpp:20 xcx@DESKTOP-R38IOME
ERROR 2025-05-06 02:45:19,366 NE_RS_UNBLDRE: Unable to load application resource file /resources/favicon.ico api\debug\debug.cpp:20 xcx@DESKTOP-R38IOME
INFO 2025-05-06 02:45:43,065 Auth info was exported to ./.tmp/auth_info.json api\debug\debug.cpp:17 xcx@DESKTOP-R38IOME
ERROR 2025-05-06 02:45:43,705 NE_RS_UNBLDRE: Unable to load application resource file /resources/favicon.ico api\debug\debug.cpp:20 xcx@DESKTOP-R38IOME
INFO 2025-05-06 02:47:48,247 Auth info was exported to ./.tmp/auth_info.json api\debug\debug.cpp:17 xcx@DESKTOP-R38IOME
ERROR 2025-05-06 02:47:48,846 NE_RS_UNBLDRE: Unable to load application resource file /resources/favicon.ico api\debug\debug.cpp:20 xcx@DESKTOP-R38IOME
INFO 2025-05-06 02:48:45,862 Auth info was exported to ./.tmp/auth_info.json api\debug\debug.cpp:17 xcx@DESKTOP-R38IOME
ERROR 2025-05-06 02:48:46,454 NE_RS_UNBLDRE: Unable to load application resource file /resources/favicon.ico api\debug\debug.cpp:20 xcx@DESKTOP-R38IOME
INFO 2025-05-06 02:50:00,137 Auth info was exported to ./.tmp/auth_info.json api\debug\debug.cpp:17 xcx@DESKTOP-R38IOME
ERROR 2025-05-06 02:50:00,621 NE_RS_UNBLDRE: Unable to load application resource file /resources/favicon.ico api\debug\debug.cpp:20 xcx@DESKTOP-R38IOME
INFO 2025-05-06 02:52:13,871 Reloading the application... api\debug\debug.cpp:17 xcx@DESKTOP-R38IOME
INFO 2025-05-06 02:52:24,102 Auth info was exported to ./.tmp/auth_info.json api\debug\debug.cpp:17 xcx@DESKTOP-R38IOME
ERROR 2025-05-06 02:52:24,586 NE_RS_UNBLDRE: Unable to load application resource file /resources/favicon.ico api\debug\debug.cpp:20 xcx@DESKTOP-R38IOME
INFO 2025-05-06 02:53:30,534 Auth info was exported to ./.tmp/auth_info.json api\debug\debug.cpp:17 xcx@DESKTOP-R38IOME
ERROR 2025-05-06 02:53:31,065 NE_RS_UNBLDRE: Unable to load application resource file /resources/favicon.ico api\debug\debug.cpp:20 xcx@DESKTOP-R38IOME
INFO 2025-05-06 02:54:30,415 Reloading the application... api\debug\debug.cpp:17 xcx@DESKTOP-R38IOME
INFO 2025-05-06 02:59:53,504 Reloading the application... api\debug\debug.cpp:17 xcx@DESKTOP-R38IOME
INFO 2025-05-06 02:59:55,352 Reloading the application... api\debug\debug.cpp:17 xcx@DESKTOP-R38IOME
INFO 2025-05-06 03:00:04,073 Auth info was exported to ./.tmp/auth_info.json api\debug\debug.cpp:17 xcx@DESKTOP-R38IOME
INFO 2025-05-06 03:01:01,367 Reloading the application... api\debug\debug.cpp:17 xcx@DESKTOP-R38IOME
INFO 2025-05-06 03:01:54,917 Reloading the application... api\debug\debug.cpp:17 xcx@DESKTOP-R38IOME
INFO 2025-05-06 03:05:52,617 Reloading the application... api\debug\debug.cpp:17 xcx@DESKTOP-R38IOME
INFO 2025-05-06 03:07:11,937 Auth info was exported to ./.tmp/auth_info.json api\debug\debug.cpp:17 xcx@DESKTOP-R38IOME
INFO 2025-05-06 03:11:04,026 Auth info was exported to ./.tmp/auth_info.json api\debug\debug.cpp:17 xcx@DESKTOP-R38IOME
ERROR 2025-05-06 03:11:04,684 NE_RS_UNBLDRE: Unable to load application resource file /resources/index.js api\debug\debug.cpp:20 xcx@DESKTOP-R38IOME
ERROR 2025-05-06 03:11:04,703 NE_RS_UNBLDRE: Unable to load application resource file /resources/favicon.ico api\debug\debug.cpp:20 xcx@DESKTOP-R38IOME
INFO 2025-05-06 03:11:35,127 Auth info was exported to ./.tmp/auth_info.json api\debug\debug.cpp:17 xcx@DESKTOP-R38IOME
ERROR 2025-05-06 03:11:35,648 NE_RS_UNBLDRE: Unable to load application resource file /resources/favicon.ico api\debug\debug.cpp:20 xcx@DESKTOP-R38IOME
INFO 2025-05-06 03:12:22,587 Auth info was exported to ./.tmp/auth_info.json api\debug\debug.cpp:17 xcx@DESKTOP-R38IOME
ERROR 2025-05-06 03:12:23,140 NE_RS_UNBLDRE: Unable to load application resource file /resources/favicon.ico api\debug\debug.cpp:20 xcx@DESKTOP-R38IOME
INFO 2025-05-06 03:13:35,344 Auth info was exported to ./.tmp/auth_info.json api\debug\debug.cpp:17 xcx@DESKTOP-R38IOME
ERROR 2025-05-06 03:13:35,883 NE_RS_UNBLDRE: Unable to load application resource file /resources/favicon.ico api\debug\debug.cpp:20 xcx@DESKTOP-R38IOME
INFO 2025-05-06 03:13:46,133 Auth info was exported to ./.tmp/auth_info.json api\debug\debug.cpp:17 xcx@DESKTOP-R38IOME
ERROR 2025-05-06 03:13:46,645 NE_RS_UNBLDRE: Unable to load application resource file /resources/favicon.ico api\debug\debug.cpp:20 xcx@DESKTOP-R38IOME
INFO 2025-05-06 03:13:56,690 Auth info was exported to ./.tmp/auth_info.json api\debug\debug.cpp:17 xcx@DESKTOP-R38IOME
ERROR 2025-05-06 03:13:57,278 NE_RS_UNBLDRE: Unable to load application resource file /resources/favicon.ico api\debug\debug.cpp:20 xcx@DESKTOP-R38IOME
INFO 2025-05-06 03:14:54,605 Auth info was exported to ./.tmp/auth_info.json api\debug\debug.cpp:17 xcx@DESKTOP-R38IOME
ERROR 2025-05-06 03:14:55,154 NE_RS_UNBLDRE: Unable to load application resource file /resources/favicon.ico api\debug\debug.cpp:20 xcx@DESKTOP-R38IOME
INFO 2025-05-06 03:16:09,191 Auth info was exported to ./.tmp/auth_info.json api\debug\debug.cpp:17 xcx@DESKTOP-R38IOME
ERROR 2025-05-06 03:16:09,749 NE_RS_UNBLDRE: Unable to load application resource file /resources/favicon.ico api\debug\debug.cpp:20 xcx@DESKTOP-R38IOME
INFO 2025-05-06 03:16:22,979 Auth info was exported to ./.tmp/auth_info.json api\debug\debug.cpp:17 xcx@DESKTOP-R38IOME
ERROR 2025-05-06 03:16:23,497 NE_RS_UNBLDRE: Unable to load application resource file /resources/favicon.ico api\debug\debug.cpp:20 xcx@DESKTOP-R38IOME
INFO 2025-05-06 03:18:07,844 Auth info was exported to ./.tmp/auth_info.json api\debug\debug.cpp:17 xcx@DESKTOP-R38IOME
ERROR 2025-05-06 03:18:08,470 NE_RS_UNBLDRE: Unable to load application resource file /resources/favicon.ico api\debug\debug.cpp:20 xcx@DESKTOP-R38IOME
INFO 2025-05-06 03:20:11,024 Auth info was exported to ./.tmp/auth_info.json api\debug\debug.cpp:17 xcx@DESKTOP-R38IOME
ERROR 2025-05-06 03:20:11,553 NE_RS_UNBLDRE: Unable to load application resource file /resources/favicon.ico api\debug\debug.cpp:20 xcx@DESKTOP-R38IOME
INFO 2025-05-06 03:21:04,739 Auth info was exported to ./.tmp/auth_info.json api\debug\debug.cpp:17 xcx@DESKTOP-R38IOME
ERROR 2025-05-06 03:21:05,310 NE_RS_UNBLDRE: Unable to load application resource file /resources/favicon.ico api\debug\debug.cpp:20 xcx@DESKTOP-R38IOME
INFO 2025-05-06 03:24:39,324 Auth info was exported to ./.tmp/auth_info.json api\debug\debug.cpp:17 xcx@DESKTOP-R38IOME
ERROR 2025-05-06 03:24:43,746 NE_RS_UNBLDRE: Unable to load application resource file /resources/favicon.ico api\debug\debug.cpp:20 xcx@DESKTOP-R38IOME
INFO 2025-05-06 03:25:01,176 Auth info was exported to ./.tmp/auth_info.json api\debug\debug.cpp:17 xcx@DESKTOP-R38IOME
ERROR 2025-05-06 03:25:03,207 NE_RS_UNBLDRE: Unable to load application resource file /resources/favicon.ico api\debug\debug.cpp:20 xcx@DESKTOP-R38IOME
INFO 2025-05-06 03:25:41,782 Auth info was exported to ./.tmp/auth_info.json api\debug\debug.cpp:17 xcx@DESKTOP-R38IOME
ERROR 2025-05-06 03:25:46,302 NE_RS_UNBLDRE: Unable to load application resource file /resources/favicon.ico api\debug\debug.cpp:20 xcx@DESKTOP-R38IOME
INFO 2025-05-06 03:26:38,082 Auth info was exported to ./.tmp/auth_info.json api\debug\debug.cpp:17 xcx@DESKTOP-R38IOME
ERROR 2025-05-06 03:26:38,811 NE_RS_UNBLDRE: Unable to load application resource file /resources/favicon.ico api\debug\debug.cpp:20 xcx@DESKTOP-R38IOME
INFO 2025-05-06 03:29:28,816 Auth info was exported to ./.tmp/auth_info.json api\debug\debug.cpp:17 xcx@DESKTOP-R38IOME
ERROR 2025-05-06 03:29:29,387 NE_RS_UNBLDRE: Unable to load application resource file /resources/favicon.ico api\debug\debug.cpp:20 xcx@DESKTOP-R38IOME
INFO 2025-05-06 03:32:12,339 Auth info was exported to ./.tmp/auth_info.json api\debug\debug.cpp:17 xcx@DESKTOP-R38IOME
ERROR 2025-05-06 03:32:12,886 NE_RS_UNBLDRE: Unable to load application resource file /resources/favicon.ico api\debug\debug.cpp:20 xcx@DESKTOP-R38IOME
INFO 2025-05-06 03:32:54,352 Auth info was exported to ./.tmp/auth_info.json api\debug\debug.cpp:17 xcx@DESKTOP-R38IOME
ERROR 2025-05-06 03:32:54,932 NE_RS_UNBLDRE: Unable to load application resource file /resources/favicon.ico api\debug\debug.cpp:20 xcx@DESKTOP-R38IOME
INFO 2025-05-06 03:33:50,616 Auth info was exported to ./.tmp/auth_info.json api\debug\debug.cpp:17 xcx@DESKTOP-R38IOME
ERROR 2025-05-06 03:33:51,125 NE_RS_UNBLDRE: Unable to load application resource file /resources/favicon.ico api\debug\debug.cpp:20 xcx@DESKTOP-R38IOME
INFO 2025-05-06 03:34:09,476 Auth info was exported to ./.tmp/auth_info.json api\debug\debug.cpp:17 xcx@DESKTOP-R38IOME
ERROR 2025-05-06 03:34:09,960 NE_RS_UNBLDRE: Unable to load application resource file /resources/favicon.ico api\debug\debug.cpp:20 xcx@DESKTOP-R38IOME
INFO 2025-05-06 03:39:05,164 Auth info was exported to ./.tmp/auth_info.json api\debug\debug.cpp:17 xcx@DESKTOP-R38IOME
ERROR 2025-05-06 03:39:05,711 NE_RS_UNBLDRE: Unable to load application resource file /resources/favicon.ico api\debug\debug.cpp:20 xcx@DESKTOP-R38IOME
INFO 2025-05-06 03:41:21,022 Auth info was exported to ./.tmp/auth_info.json api\debug\debug.cpp:17 xcx@DESKTOP-R38IOME
ERROR 2025-05-06 03:41:21,589 NE_RS_UNBLDRE: Unable to load application resource file /resources/favicon.ico api\debug\debug.cpp:20 xcx@DESKTOP-R38IOME
INFO 2025-05-06 03:42:29,671 Auth info was exported to ./.tmp/auth_info.json api\debug\debug.cpp:17 xcx@DESKTOP-R38IOME
ERROR 2025-05-06 03:42:30,211 NE_RS_UNBLDRE: Unable to load application resource file /resources/favicon.ico api\debug\debug.cpp:20 xcx@DESKTOP-R38IOME
INFO 2025-05-06 03:46:04,250 Auth info was exported to ./.tmp/auth_info.json api\debug\debug.cpp:17 xcx@DESKTOP-R38IOME
ERROR 2025-05-06 03:46:04,934 NE_RS_UNBLDRE: Unable to load application resource file /resources/favicon.ico api\debug\debug.cpp:20 xcx@DESKTOP-R38IOME
ERROR 2025-05-06 03:46:04,942 NE_RS_UNBLDRE: Unable to load application resource file /resources/undefined/index.html api\debug\debug.cpp:20 xcx@DESKTOP-R38IOME
INFO 2025-05-06 03:46:32,969 Auth info was exported to ./.tmp/auth_info.json api\debug\debug.cpp:17 xcx@DESKTOP-R38IOME
ERROR 2025-05-06 03:46:33,531 NE_RS_UNBLDRE: Unable to load application resource file /resources/favicon.ico api\debug\debug.cpp:20 xcx@DESKTOP-R38IOME
ERROR 2025-05-06 03:46:33,546 NE_RS_UNBLDRE: Unable to load application resource file /resources/undefined/index.html api\debug\debug.cpp:20 xcx@DESKTOP-R38IOME
ERROR 2025-05-06 03:46:40,125 NE_RS_UNBLDRE: Unable to load application resource file /resources/undefined/index.html api\debug\debug.cpp:20 xcx@DESKTOP-R38IOME
ERROR 2025-05-06 03:47:33,349 NE_RS_UNBLDRE: Unable to load application resource file /resources/undefined/index.html api\debug\debug.cpp:20 xcx@DESKTOP-R38IOME
ERROR 2025-05-06 03:47:34,107 NE_RS_UNBLDRE: Unable to load application resource file /resources/undefined/index.html api\debug\debug.cpp:20 xcx@DESKTOP-R38IOME
ERROR 2025-05-06 03:47:34,459 NE_RS_UNBLDRE: Unable to load application resource file /resources/undefined/index.html api\debug\debug.cpp:20 xcx@DESKTOP-R38IOME
ERROR 2025-05-06 03:47:34,842 NE_RS_UNBLDRE: Unable to load application resource file /resources/undefined/index.html api\debug\debug.cpp:20 xcx@DESKTOP-R38IOME
ERROR 2025-05-06 03:48:41,740 NE_RS_UNBLDRE: Unable to load application resource file /resources/images/blue-eyes.jpg api\debug\debug.cpp:20 xcx@DESKTOP-R38IOME
ERROR 2025-05-06 03:48:41,741 NE_RS_UNBLDRE: Unable to load application resource file /resources/images/dark-magician.jpg api\debug\debug.cpp:20 xcx@DESKTOP-R38IOME
ERROR 2025-05-06 03:48:49,540 NE_RS_UNBLDRE: Unable to load application resource file /resources/images/blue-eyes.jpg api\debug\debug.cpp:20 xcx@DESKTOP-R38IOME
ERROR 2025-05-06 03:48:49,540 NE_RS_UNBLDRE: Unable to load application resource file /resources/images/dark-magician.jpg api\debug\debug.cpp:20 xcx@DESKTOP-R38IOME
ERROR 2025-05-06 03:48:50,315 NE_RS_UNBLDRE: Unable to load application resource file /resources/images/blue-eyes.jpg api\debug\debug.cpp:20 xcx@DESKTOP-R38IOME
ERROR 2025-05-06 03:48:50,315 NE_RS_UNBLDRE: Unable to load application resource file /resources/images/dark-magician.jpg api\debug\debug.cpp:20 xcx@DESKTOP-R38IOME
INFO 2025-05-06 03:52:14,159 Auth info was exported to ./.tmp/auth_info.json api\debug\debug.cpp:17 xcx@DESKTOP-R38IOME
ERROR 2025-05-06 03:52:14,750 NE_RS_UNBLDRE: Unable to load application resource file /resources/favicon.ico api\debug\debug.cpp:20 xcx@DESKTOP-R38IOME
ERROR 2025-05-06 03:52:14,758 NE_RS_UNBLDRE: Unable to load application resource file /resources/images/blue-eyes.jpg api\debug\debug.cpp:20 xcx@DESKTOP-R38IOME
ERROR 2025-05-06 03:52:14,763 NE_RS_UNBLDRE: Unable to load application resource file /resources/images/dark-magician.jpg api\debug\debug.cpp:20 xcx@DESKTOP-R38IOME
ERROR 2025-05-06 03:52:28,179 NE_RS_UNBLDRE: Unable to load application resource file /resources/images/blue-eyes.jpg api\debug\debug.cpp:20 xcx@DESKTOP-R38IOME
ERROR 2025-05-06 03:52:28,179 NE_RS_UNBLDRE: Unable to load application resource file /resources/images/dark-magician.jpg api\debug\debug.cpp:20 xcx@DESKTOP-R38IOME
INFO 2025-05-06 03:53:24,429 Auth info was exported to ./.tmp/auth_info.json api\debug\debug.cpp:17 xcx@DESKTOP-R38IOME
ERROR 2025-05-06 03:53:24,981 NE_RS_UNBLDRE: Unable to load application resource file /resources/favicon.ico api\debug\debug.cpp:20 xcx@DESKTOP-R38IOME
ERROR 2025-05-06 03:53:24,986 NE_RS_UNBLDRE: Unable to load application resource file /resources/images/blue-eyes.jpg api\debug\debug.cpp:20 xcx@DESKTOP-R38IOME
ERROR 2025-05-06 03:53:24,988 NE_RS_UNBLDRE: Unable to load application resource file /resources/images/dark-magician.jpg api\debug\debug.cpp:20 xcx@DESKTOP-R38IOME
ERROR 2025-05-06 03:53:41,518 NE_RS_UNBLDRE: Unable to load application resource file /resources/images/blue-eyes.jpg api\debug\debug.cpp:20 xcx@DESKTOP-R38IOME
ERROR 2025-05-06 03:53:41,518 NE_RS_UNBLDRE: Unable to load application resource file /resources/images/dark-magician.jpg api\debug\debug.cpp:20 xcx@DESKTOP-R38IOME
INFO 2025-05-06 03:57:44,004 Auth info was exported to ./.tmp/auth_info.json api\debug\debug.cpp:17 xcx@DESKTOP-R38IOME
ERROR 2025-05-06 03:57:44,538 NE_RS_UNBLDRE: Unable to load application resource file /resources/favicon.ico api\debug\debug.cpp:20 xcx@DESKTOP-R38IOME
ERROR 2025-05-06 03:57:44,554 NE_RS_UNBLDRE: Unable to load application resource file /resources/images/blue-eyes.jpg api\debug\debug.cpp:20 xcx@DESKTOP-R38IOME
ERROR 2025-05-06 03:57:44,557 NE_RS_UNBLDRE: Unable to load application resource file /resources/images/dark-magician.jpg api\debug\debug.cpp:20 xcx@DESKTOP-R38IOME
INFO 2025-05-06 03:59:39,368 Auth info was exported to ./.tmp/auth_info.json api\debug\debug.cpp:17 xcx@DESKTOP-R38IOME
ERROR 2025-05-06 03:59:39,837 NE_RS_UNBLDRE: Unable to load application resource file /resources/images/blue-eyes.jpg api\debug\debug.cpp:20 xcx@DESKTOP-R38IOME
ERROR 2025-05-06 03:59:39,852 NE_RS_UNBLDRE: Unable to load application resource file /resources/favicon.ico api\debug\debug.cpp:20 xcx@DESKTOP-R38IOME
ERROR 2025-05-06 03:59:39,868 NE_RS_UNBLDRE: Unable to load application resource file /resources/images/dark-magician.jpg api\debug\debug.cpp:20 xcx@DESKTOP-R38IOME
ERROR 2025-05-06 03:59:51,717 NE_RS_UNBLDRE: Unable to load application resource file /resources/images/blue-eyes.jpg api\debug\debug.cpp:20 xcx@DESKTOP-R38IOME
ERROR 2025-05-06 03:59:51,717 NE_RS_UNBLDRE: Unable to load application resource file /resources/images/dark-magician.jpg api\debug\debug.cpp:20 xcx@DESKTOP-R38IOME
INFO 2025-05-06 04:01:36,977 Auth info was exported to ./.tmp/auth_info.json api\debug\debug.cpp:17 xcx@DESKTOP-R38IOME
ERROR 2025-05-06 04:01:37,581 NE_RS_UNBLDRE: Unable to load application resource file /resources/favicon.ico api\debug\debug.cpp:20 xcx@DESKTOP-R38IOME
ERROR 2025-05-06 04:01:37,585 NE_RS_UNBLDRE: Unable to load application resource file /resources/images/blue-eyes.jpg api\debug\debug.cpp:20 xcx@DESKTOP-R38IOME
ERROR 2025-05-06 04:01:37,587 NE_RS_UNBLDRE: Unable to load application resource file /resources/images/dark-magician.jpg api\debug\debug.cpp:20 xcx@DESKTOP-R38IOME
INFO 2025-05-06 04:03:36,961 Auth info was exported to ./.tmp/auth_info.json api\debug\debug.cpp:17 xcx@DESKTOP-R38IOME
ERROR 2025-05-06 04:03:37,430 NE_RS_UNBLDRE: Unable to load application resource file /resources/images/blue-eyes.jpg api\debug\debug.cpp:20 xcx@DESKTOP-R38IOME
ERROR 2025-05-06 04:03:37,465 NE_RS_UNBLDRE: Unable to load application resource file /resources/images/dark-magician.jpg api\debug\debug.cpp:20 xcx@DESKTOP-R38IOME
ERROR 2025-05-06 04:03:37,467 NE_RS_UNBLDRE: Unable to load application resource file /resources/favicon.ico api\debug\debug.cpp:20 xcx@DESKTOP-R38IOME
ERROR 2025-05-06 04:03:51,174 NE_RS_UNBLDRE: Unable to load application resource file /resources/images/blue-eyes.jpg api\debug\debug.cpp:20 xcx@DESKTOP-R38IOME
ERROR 2025-05-06 04:03:51,174 NE_RS_UNBLDRE: Unable to load application resource file /resources/images/dark-magician.jpg api\debug\debug.cpp:20 xcx@DESKTOP-R38IOME
INFO 2025-05-06 04:04:05,438 Auth info was exported to ./.tmp/auth_info.json api\debug\debug.cpp:17 xcx@DESKTOP-R38IOME
ERROR 2025-05-06 04:04:06,018 NE_RS_UNBLDRE: Unable to load application resource file /resources/favicon.ico api\debug\debug.cpp:20 xcx@DESKTOP-R38IOME
ERROR 2025-05-06 04:04:06,024 NE_RS_UNBLDRE: Unable to load application resource file /resources/images/dark-magician.jpg api\debug\debug.cpp:20 xcx@DESKTOP-R38IOME
ERROR 2025-05-06 04:04:06,029 NE_RS_UNBLDRE: Unable to load application resource file /resources/images/blue-eyes.jpg api\debug\debug.cpp:20 xcx@DESKTOP-R38IOME
INFO 2025-05-06 04:10:05,410 Auth info was exported to ./.tmp/auth_info.json api\debug\debug.cpp:17 xcx@DESKTOP-R38IOME
ERROR 2025-05-06 04:10:05,879 NE_RS_UNBLDRE: Unable to load application resource file /resources/images/blue-eyes.jpg api\debug\debug.cpp:20 xcx@DESKTOP-R38IOME
ERROR 2025-05-06 04:10:05,894 NE_RS_UNBLDRE: Unable to load application resource file /resources/images/dark-magician.jpg api\debug\debug.cpp:20 xcx@DESKTOP-R38IOME
ERROR 2025-05-06 04:10:05,894 NE_RS_UNBLDRE: Unable to load application resource file /resources/favicon.ico api\debug\debug.cpp:20 xcx@DESKTOP-R38IOME
INFO 2025-05-06 04:15:17,221 Auth info was exported to ./.tmp/auth_info.json api\debug\debug.cpp:17 xcx@DESKTOP-R38IOME
ERROR 2025-05-06 04:15:17,736 NE_RS_UNBLDRE: Unable to load application resource file /resources/favicon.ico api\debug\debug.cpp:20 xcx@DESKTOP-R38IOME
ERROR 2025-05-06 04:15:17,736 NE_RS_UNBLDRE: Unable to load application resource file /resources/images/blue-eyes.jpg api\debug\debug.cpp:20 xcx@DESKTOP-R38IOME
ERROR 2025-05-06 04:15:17,736 NE_RS_UNBLDRE: Unable to load application resource file /resources/images/dark-magician.jpg api\debug\debug.cpp:20 xcx@DESKTOP-R38IOME
ERROR 2025-05-06 04:15:28,083 NE_RS_UNBLDRE: Unable to load application resource file /resources/images/blue-eyes.jpg api\debug\debug.cpp:20 xcx@DESKTOP-R38IOME
ERROR 2025-05-06 04:15:28,083 NE_RS_UNBLDRE: Unable to load application resource file /resources/images/dark-magician.jpg api\debug\debug.cpp:20 xcx@DESKTOP-R38IOME
INFO 2025-05-06 04:20:59,151 Auth info was exported to ./.tmp/auth_info.json api\debug\debug.cpp:17 xcx@DESKTOP-R38IOME
ERROR 2025-05-06 04:21:00,190 NE_RS_UNBLDRE: Unable to load application resource file /resources/favicon.ico api\debug\debug.cpp:20 xcx@DESKTOP-R38IOME
ERROR 2025-05-06 04:21:00,206 NE_RS_UNBLDRE: Unable to load application resource file /resources/images/blue-eyes.jpg api\debug\debug.cpp:20 xcx@DESKTOP-R38IOME
ERROR 2025-05-06 04:21:00,206 NE_RS_UNBLDRE: Unable to load application resource file /resources/images/dark-magician.jpg api\debug\debug.cpp:20 xcx@DESKTOP-R38IOME
ERROR 2025-05-06 04:21:11,130 NE_RS_UNBLDRE: Unable to load application resource file /resources/images/blue-eyes.jpg api\debug\debug.cpp:20 xcx@DESKTOP-R38IOME
ERROR 2025-05-06 04:21:11,131 NE_RS_UNBLDRE: Unable to load application resource file /resources/images/dark-magician.jpg api\debug\debug.cpp:20 xcx@DESKTOP-R38IOME
ERROR 2025-05-06 04:21:12,426 NE_RS_UNBLDRE: Unable to load application resource file /resources/images/blue-eyes.jpg api\debug\debug.cpp:20 xcx@DESKTOP-R38IOME
ERROR 2025-05-06 04:21:12,426 NE_RS_UNBLDRE: Unable to load application resource file /resources/images/dark-magician.jpg api\debug\debug.cpp:20 xcx@DESKTOP-R38IOME
INFO 2025-05-06 04:21:21,835 Auth info was exported to ./.tmp/auth_info.json api\debug\debug.cpp:17 xcx@DESKTOP-R38IOME
ERROR 2025-05-06 04:21:22,397 NE_RS_UNBLDRE: Unable to load application resource file /resources/images/blue-eyes.jpg api\debug\debug.cpp:20 xcx@DESKTOP-R38IOME
ERROR 2025-05-06 04:21:22,413 NE_RS_UNBLDRE: Unable to load application resource file /resources/favicon.ico api\debug\debug.cpp:20 xcx@DESKTOP-R38IOME
ERROR 2025-05-06 04:21:22,413 NE_RS_UNBLDRE: Unable to load application resource file /resources/images/dark-magician.jpg api\debug\debug.cpp:20 xcx@DESKTOP-R38IOME
ERROR 2025-05-06 04:21:24,139 NE_RS_UNBLDRE: Unable to load application resource file /resources/images/blue-eyes.jpg api\debug\debug.cpp:20 xcx@DESKTOP-R38IOME
ERROR 2025-05-06 04:21:24,140 NE_RS_UNBLDRE: Unable to load application resource file /resources/images/dark-magician.jpg api\debug\debug.cpp:20 xcx@DESKTOP-R38IOME
ERROR 2025-05-06 04:21:25,042 NE_RS_UNBLDRE: Unable to load application resource file /resources/images/blue-eyes.jpg api\debug\debug.cpp:20 xcx@DESKTOP-R38IOME
ERROR 2025-05-06 04:21:25,043 NE_RS_UNBLDRE: Unable to load application resource file /resources/images/dark-magician.jpg api\debug\debug.cpp:20 xcx@DESKTOP-R38IOME
ERROR 2025-05-06 04:21:25,970 NE_RS_UNBLDRE: Unable to load application resource file /resources/images/blue-eyes.jpg api\debug\debug.cpp:20 xcx@DESKTOP-R38IOME
ERROR 2025-05-06 04:21:25,971 NE_RS_UNBLDRE: Unable to load application resource file /resources/images/dark-magician.jpg api\debug\debug.cpp:20 xcx@DESKTOP-R38IOME
INFO 2025-05-06 04:23:26,146 Auth info was exported to ./.tmp/auth_info.json api\debug\debug.cpp:17 xcx@DESKTOP-R38IOME
ERROR 2025-05-06 04:23:26,681 NE_RS_UNBLDRE: Unable to load application resource file /resources/favicon.ico api\debug\debug.cpp:20 xcx@DESKTOP-R38IOME
INFO 2025-05-06 04:25:39,958 Auth info was exported to ./.tmp/auth_info.json api\debug\debug.cpp:17 xcx@DESKTOP-R38IOME
ERROR 2025-05-06 04:25:40,493 NE_RS_UNBLDRE: Unable to load application resource file /resources/favicon.ico api\debug\debug.cpp:20 xcx@DESKTOP-R38IOME
INFO 2025-05-06 04:26:37,272 Auth info was exported to ./.tmp/auth_info.json api\debug\debug.cpp:17 xcx@DESKTOP-R38IOME
ERROR 2025-05-06 04:26:37,826 NE_RS_UNBLDRE: Unable to load application resource file /resources/favicon.ico api\debug\debug.cpp:20 xcx@DESKTOP-R38IOME
INFO 2025-05-06 04:28:56,302 Auth info was exported to ./.tmp/auth_info.json api\debug\debug.cpp:17 xcx@DESKTOP-R38IOME
ERROR 2025-05-06 04:28:56,827 NE_RS_UNBLDRE: Unable to load application resource file /resources/favicon.ico api\debug\debug.cpp:20 xcx@DESKTOP-R38IOME
INFO 2025-05-06 04:30:10,429 Auth info was exported to ./.tmp/auth_info.json api\debug\debug.cpp:17 xcx@DESKTOP-R38IOME
ERROR 2025-05-06 04:30:10,936 NE_RS_UNBLDRE: Unable to load application resource file /resources/favicon.ico api\debug\debug.cpp:20 xcx@DESKTOP-R38IOME
INFO 2025-05-06 04:30:50,460 Auth info was exported to ./.tmp/auth_info.json api\debug\debug.cpp:17 xcx@DESKTOP-R38IOME
ERROR 2025-05-06 04:30:51,001 NE_RS_UNBLDRE: Unable to load application resource file /resources/favicon.ico api\debug\debug.cpp:20 xcx@DESKTOP-R38IOME
INFO 2025-05-06 04:33:32,834 Auth info was exported to ./.tmp/auth_info.json api\debug\debug.cpp:17 xcx@DESKTOP-R38IOME
ERROR 2025-05-06 04:33:33,376 NE_RS_UNBLDRE: Unable to load application resource file /resources/favicon.ico api\debug\debug.cpp:20 xcx@DESKTOP-R38IOME
INFO 2025-05-06 04:35:36,183 Auth info was exported to ./.tmp/auth_info.json api\debug\debug.cpp:17 xcx@DESKTOP-R38IOME
ERROR 2025-05-06 04:35:36,708 NE_RS_UNBLDRE: Unable to load application resource file /resources/favicon.ico api\debug\debug.cpp:20 xcx@DESKTOP-R38IOME
INFO 2025-05-06 04:36:33,208 Auth info was exported to ./.tmp/auth_info.json api\debug\debug.cpp:17 xcx@DESKTOP-R38IOME
ERROR 2025-05-06 04:36:33,732 NE_RS_UNBLDRE: Unable to load application resource file /resources/favicon.ico api\debug\debug.cpp:20 xcx@DESKTOP-R38IOME
INFO 2025-05-06 04:38:42,075 Auth info was exported to ./.tmp/auth_info.json api\debug\debug.cpp:17 xcx@DESKTOP-R38IOME
ERROR 2025-05-06 04:38:42,637 NE_RS_UNBLDRE: Unable to load application resource file /resources/favicon.ico api\debug\debug.cpp:20 xcx@DESKTOP-R38IOME
INFO 2025-05-06 04:39:41,097 Auth info was exported to ./.tmp/auth_info.json api\debug\debug.cpp:17 xcx@DESKTOP-R38IOME
ERROR 2025-05-06 04:39:41,743 NE_RS_UNBLDRE: Unable to load application resource file /resources/favicon.ico api\debug\debug.cpp:20 xcx@DESKTOP-R38IOME
INFO 2025-05-06 04:41:46,369 Auth info was exported to ./.tmp/auth_info.json api\debug\debug.cpp:17 xcx@DESKTOP-R38IOME
ERROR 2025-05-06 04:41:47,382 NE_RS_UNBLDRE: Unable to load application resource file /resources/favicon.ico api\debug\debug.cpp:20 xcx@DESKTOP-R38IOME
INFO 2025-05-06 04:42:03,063 Auth info was exported to ./.tmp/auth_info.json api\debug\debug.cpp:17 xcx@DESKTOP-R38IOME
ERROR 2025-05-06 04:42:03,608 NE_RS_UNBLDRE: Unable to load application resource file /resources/images/dark-magician.jpg api\debug\debug.cpp:20 xcx@DESKTOP-R38IOME
ERROR 2025-05-06 04:42:03,626 NE_RS_UNBLDRE: Unable to load application resource file /resources/favicon.ico api\debug\debug.cpp:20 xcx@DESKTOP-R38IOME
ERROR 2025-05-06 04:42:03,642 NE_RS_UNBLDRE: Unable to load application resource file /resources/images/blue-eyes.jpg api\debug\debug.cpp:20 xcx@DESKTOP-R38IOME
ERROR 2025-05-06 04:42:22,219 NE_RS_UNBLDRE: Unable to load application resource file /resources/images/dark-magician.jpg api\debug\debug.cpp:20 xcx@DESKTOP-R38IOME
ERROR 2025-05-06 04:42:22,220 NE_RS_UNBLDRE: Unable to load application resource file /resources/images/blue-eyes.jpg api\debug\debug.cpp:20 xcx@DESKTOP-R38IOME
ERROR 2025-05-06 04:42:23,066 NE_RS_UNBLDRE: Unable to load application resource file /resources/images/blue-eyes.jpg api\debug\debug.cpp:20 xcx@DESKTOP-R38IOME
ERROR 2025-05-06 04:42:23,067 NE_RS_UNBLDRE: Unable to load application resource file /resources/images/dark-magician.jpg api\debug\debug.cpp:20 xcx@DESKTOP-R38IOME
ERROR 2025-05-06 04:42:23,523 NE_RS_UNBLDRE: Unable to load application resource file /resources/images/blue-eyes.jpg api\debug\debug.cpp:20 xcx@DESKTOP-R38IOME
ERROR 2025-05-06 04:42:23,523 NE_RS_UNBLDRE: Unable to load application resource file /resources/images/dark-magician.jpg api\debug\debug.cpp:20 xcx@DESKTOP-R38IOME
INFO 2025-05-06 04:44:01,982 Auth info was exported to ./.tmp/auth_info.json api\debug\debug.cpp:17 xcx@DESKTOP-R38IOME
ERROR 2025-05-06 04:44:02,575 NE_RS_UNBLDRE: Unable to load application resource file /resources/favicon.ico api\debug\debug.cpp:20 xcx@DESKTOP-R38IOME
ERROR 2025-05-06 04:44:02,637 NE_RS_UNBLDRE: Unable to load application resource file /resources/images/blue-eyes.jpg api\debug\debug.cpp:20 xcx@DESKTOP-R38IOME
ERROR 2025-05-06 04:44:02,657 NE_RS_UNBLDRE: Unable to load application resource file /resources/images/dark-magician.jpg api\debug\debug.cpp:20 xcx@DESKTOP-R38IOME
ERROR 2025-05-06 04:44:14,960 NE_RS_UNBLDRE: Unable to load application resource file /resources/images/blue-eyes.jpg api\debug\debug.cpp:20 xcx@DESKTOP-R38IOME
ERROR 2025-05-06 04:44:14,961 NE_RS_UNBLDRE: Unable to load application resource file /resources/images/dark-magician.jpg api\debug\debug.cpp:20 xcx@DESKTOP-R38IOME
INFO 2025-05-06 04:44:18,700 Auth info was exported to ./.tmp/auth_info.json api\debug\debug.cpp:17 xcx@DESKTOP-R38IOME
ERROR 2025-05-06 04:44:19,241 NE_RS_UNBLDRE: Unable to load application resource file /resources/favicon.ico api\debug\debug.cpp:20 xcx@DESKTOP-R38IOME
ERROR 2025-05-06 04:44:19,265 NE_RS_UNBLDRE: Unable to load application resource file /resources/images/blue-eyes.jpg api\debug\debug.cpp:20 xcx@DESKTOP-R38IOME
ERROR 2025-05-06 04:44:19,265 NE_RS_UNBLDRE: Unable to load application resource file /resources/images/dark-magician.jpg api\debug\debug.cpp:20 xcx@DESKTOP-R38IOME
ERROR 2025-05-06 04:44:29,977 NE_RS_UNBLDRE: Unable to load application resource file /resources/images/blue-eyes.jpg api\debug\debug.cpp:20 xcx@DESKTOP-R38IOME
ERROR 2025-05-06 04:44:29,978 NE_RS_UNBLDRE: Unable to load application resource file /resources/images/dark-magician.jpg api\debug\debug.cpp:20 xcx@DESKTOP-R38IOME
ERROR 2025-05-06 04:44:38,978 NE_RS_UNBLDRE: Unable to load application resource file /resources/images/blue-eyes.jpg api\debug\debug.cpp:20 xcx@DESKTOP-R38IOME
ERROR 2025-05-06 04:44:38,979 NE_RS_UNBLDRE: Unable to load application resource file /resources/images/dark-magician.jpg api\debug\debug.cpp:20 xcx@DESKTOP-R38IOME
INFO 2025-05-06 04:45:50,301 Auth info was exported to ./.tmp/auth_info.json api\debug\debug.cpp:17 xcx@DESKTOP-R38IOME
ERROR 2025-05-06 04:45:50,770 NE_RS_UNBLDRE: Unable to load application resource file /resources/favicon.ico api\debug\debug.cpp:20 xcx@DESKTOP-R38IOME
ERROR 2025-05-06 04:45:50,785 NE_RS_UNBLDRE: Unable to load application resource file /resources/images/blue-eyes.jpg api\debug\debug.cpp:20 xcx@DESKTOP-R38IOME
ERROR 2025-05-06 04:45:50,801 NE_RS_UNBLDRE: Unable to load application resource file /resources/images/dark-magician.jpg api\debug\debug.cpp:20 xcx@DESKTOP-R38IOME
ERROR 2025-05-06 04:46:02,091 NE_RS_UNBLDRE: Unable to load application resource file /resources/images/blue-eyes.jpg api\debug\debug.cpp:20 xcx@DESKTOP-R38IOME
ERROR 2025-05-06 04:46:02,092 NE_RS_UNBLDRE: Unable to load application resource file /resources/images/dark-magician.jpg api\debug\debug.cpp:20 xcx@DESKTOP-R38IOME
INFO 2025-05-06 04:46:07,568 Auth info was exported to ./.tmp/auth_info.json api\debug\debug.cpp:17 xcx@DESKTOP-R38IOME
ERROR 2025-05-06 04:46:08,052 NE_RS_UNBLDRE: Unable to load application resource file /resources/favicon.ico api\debug\debug.cpp:20 xcx@DESKTOP-R38IOME
ERROR 2025-05-06 04:46:08,504 NE_RS_UNBLDRE: Unable to load application resource file /resources/images/blue-eyes.jpg api\debug\debug.cpp:20 xcx@DESKTOP-R38IOME
ERROR 2025-05-06 04:46:08,506 NE_RS_UNBLDRE: Unable to load application resource file /resources/images/dark-magician.jpg api\debug\debug.cpp:20 xcx@DESKTOP-R38IOME
ERROR 2025-05-06 04:46:09,936 NE_RS_UNBLDRE: Unable to load application resource file /resources/images/blue-eyes.jpg api\debug\debug.cpp:20 xcx@DESKTOP-R38IOME
ERROR 2025-05-06 04:46:09,936 NE_RS_UNBLDRE: Unable to load application resource file /resources/images/dark-magician.jpg api\debug\debug.cpp:20 xcx@DESKTOP-R38IOME
ERROR 2025-05-06 04:46:10,959 NE_RS_UNBLDRE: Unable to load application resource file /resources/images/blue-eyes.jpg api\debug\debug.cpp:20 xcx@DESKTOP-R38IOME
ERROR 2025-05-06 04:46:10,960 NE_RS_UNBLDRE: Unable to load application resource file /resources/images/dark-magician.jpg api\debug\debug.cpp:20 xcx@DESKTOP-R38IOME
ERROR 2025-05-06 04:46:12,454 NE_RS_UNBLDRE: Unable to load application resource file /resources/images/blue-eyes.jpg api\debug\debug.cpp:20 xcx@DESKTOP-R38IOME
ERROR 2025-05-06 04:46:12,455 NE_RS_UNBLDRE: Unable to load application resource file /resources/images/dark-magician.jpg api\debug\debug.cpp:20 xcx@DESKTOP-R38IOME
ERROR 2025-05-06 04:46:13,214 NE_RS_UNBLDRE: Unable to load application resource file /resources/images/blue-eyes.jpg api\debug\debug.cpp:20 xcx@DESKTOP-R38IOME
ERROR 2025-05-06 04:46:13,214 NE_RS_UNBLDRE: Unable to load application resource file /resources/images/dark-magician.jpg api\debug\debug.cpp:20 xcx@DESKTOP-R38IOME
INFO 2025-05-06 04:50:14,814 Auth info was exported to ./.tmp/auth_info.json api\debug\debug.cpp:17 xcx@DESKTOP-R38IOME
ERROR 2025-05-06 04:50:15,330 NE_RS_UNBLDRE: Unable to load application resource file /resources/favicon.ico api\debug\debug.cpp:20 xcx@DESKTOP-R38IOME
INFO 2025-05-06 04:52:18,600 Auth info was exported to ./.tmp/auth_info.json api\debug\debug.cpp:17 xcx@DESKTOP-R38IOME
ERROR 2025-05-06 04:52:19,159 NE_RS_UNBLDRE: Unable to load application resource file /resources/favicon.ico api\debug\debug.cpp:20 xcx@DESKTOP-R38IOME
INFO 2025-05-06 04:54:03,526 Auth info was exported to ./.tmp/auth_info.json api\debug\debug.cpp:17 xcx@DESKTOP-R38IOME
ERROR 2025-05-06 04:54:04,063 NE_RS_UNBLDRE: Unable to load application resource file /resources/favicon.ico api\debug\debug.cpp:20 xcx@DESKTOP-R38IOME
INFO 2025-05-06 04:54:49,143 Auth info was exported to ./.tmp/auth_info.json api\debug\debug.cpp:17 xcx@DESKTOP-R38IOME
ERROR 2025-05-06 04:54:49,674 NE_RS_UNBLDRE: Unable to load application resource file /resources/favicon.ico api\debug\debug.cpp:20 xcx@DESKTOP-R38IOME
INFO 2025-05-06 04:57:31,135 Auth info was exported to ./.tmp/auth_info.json api\debug\debug.cpp:17 xcx@DESKTOP-R38IOME
ERROR 2025-05-06 04:57:31,726 NE_RS_UNBLDRE: Unable to load application resource file /resources/favicon.ico api\debug\debug.cpp:20 xcx@DESKTOP-R38IOME
INFO 2025-05-06 04:58:12,664 Auth info was exported to ./.tmp/auth_info.json api\debug\debug.cpp:17 xcx@DESKTOP-R38IOME
ERROR 2025-05-06 04:58:13,211 NE_RS_UNBLDRE: Unable to load application resource file /resources/favicon.ico api\debug\debug.cpp:20 xcx@DESKTOP-R38IOME
INFO 2025-05-06 04:59:19,600 Auth info was exported to ./.tmp/auth_info.json api\debug\debug.cpp:17 xcx@DESKTOP-R38IOME
ERROR 2025-05-06 04:59:20,143 NE_RS_UNBLDRE: Unable to load application resource file /resources/favicon.ico api\debug\debug.cpp:20 xcx@DESKTOP-R38IOME
INFO 2025-05-06 05:00:40,244 Auth info was exported to ./.tmp/auth_info.json api\debug\debug.cpp:17 xcx@DESKTOP-R38IOME
ERROR 2025-05-06 05:00:40,720 NE_RS_UNBLDRE: Unable to load application resource file /resources/favicon.ico api\debug\debug.cpp:20 xcx@DESKTOP-R38IOME
INFO 2025-05-06 05:02:15,422 Auth info was exported to ./.tmp/auth_info.json api\debug\debug.cpp:17 xcx@DESKTOP-R38IOME
ERROR 2025-05-06 05:02:15,922 NE_RS_UNBLDRE: Unable to load application resource file /resources/favicon.ico api\debug\debug.cpp:20 xcx@DESKTOP-R38IOME
INFO 2025-05-06 05:03:32,054 Auth info was exported to ./.tmp/auth_info.json api\debug\debug.cpp:17 xcx@DESKTOP-R38IOME
ERROR 2025-05-06 05:03:32,627 NE_RS_UNBLDRE: Unable to load application resource file /resources/favicon.ico api\debug\debug.cpp:20 xcx@DESKTOP-R38IOME
INFO 2025-05-06 05:05:14,042 Auth info was exported to ./.tmp/auth_info.json api\debug\debug.cpp:17 xcx@DESKTOP-R38IOME
ERROR 2025-05-06 05:05:14,719 NE_RS_UNBLDRE: Unable to load application resource file /resources/favicon.ico api\debug\debug.cpp:20 xcx@DESKTOP-R38IOME
INFO 2025-05-06 05:07:36,390 Auth info was exported to ./.tmp/auth_info.json api\debug\debug.cpp:17 xcx@DESKTOP-R38IOME
ERROR 2025-05-06 05:07:36,917 NE_RS_UNBLDRE: Unable to load application resource file /resources/favicon.ico api\debug\debug.cpp:20 xcx@DESKTOP-R38IOME
INFO 2025-05-06 05:08:20,101 Auth info was exported to ./.tmp/auth_info.json api\debug\debug.cpp:17 xcx@DESKTOP-R38IOME
ERROR 2025-05-06 05:08:20,617 NE_RS_UNBLDRE: Unable to load application resource file /resources/favicon.ico api\debug\debug.cpp:20 xcx@DESKTOP-R38IOME
INFO 2025-05-06 05:09:40,326 Auth info was exported to ./.tmp/auth_info.json api\debug\debug.cpp:17 xcx@DESKTOP-R38IOME
ERROR 2025-05-06 05:09:40,893 NE_RS_UNBLDRE: Unable to load application resource file /resources/favicon.ico api\debug\debug.cpp:20 xcx@DESKTOP-R38IOME
INFO 2025-05-06 05:13:55,461 Auth info was exported to ./.tmp/auth_info.json api\debug\debug.cpp:17 xcx@DESKTOP-R38IOME
ERROR 2025-05-06 05:13:56,512 NE_RS_UNBLDRE: Unable to load application resource file /resources/favicon.ico api\debug\debug.cpp:20 xcx@DESKTOP-R38IOME
INFO 2025-05-06 05:16:23,160 Auth info was exported to ./.tmp/auth_info.json api\debug\debug.cpp:17 xcx@DESKTOP-R38IOME
ERROR 2025-05-06 05:16:23,906 NE_RS_UNBLDRE: Unable to load application resource file /resources/favicon.ico api\debug\debug.cpp:20 xcx@DESKTOP-R38IOME
INFO 2025-05-06 05:21:01,420 Auth info was exported to ./.tmp/auth_info.json api\debug\debug.cpp:17 xcx@DESKTOP-R38IOME
ERROR 2025-05-06 05:21:02,233 NE_RS_UNBLDRE: Unable to load application resource file /resources/favicon.ico api\debug\debug.cpp:20 xcx@DESKTOP-R38IOME
INFO 2025-05-06 14:40:37,872 Auth info was exported to ./.tmp/auth_info.json api\debug\debug.cpp:17 xcx@DESKTOP-R38IOME
ERROR 2025-05-06 14:40:40,106 NE_RS_UNBLDRE: Unable to load application resource file /resources/favicon.ico api\debug\debug.cpp:20 xcx@DESKTOP-R38IOME
INFO 2025-05-06 14:44:36,861 Auth info was exported to ./.tmp/auth_info.json api\debug\debug.cpp:17 xcx@DESKTOP-R38IOME
ERROR 2025-05-06 14:44:37,694 NE_RS_UNBLDRE: Unable to load application resource file /resources/favicon.ico api\debug\debug.cpp:20 xcx@DESKTOP-R38IOME
INFO 2025-05-06 14:52:22,082 Auth info was exported to ./.tmp/auth_info.json api\debug\debug.cpp:17 xcx@DESKTOP-R38IOME
ERROR 2025-05-06 14:52:22,598 NE_RS_UNBLDRE: Unable to load application resource file /resources/resources/script.js api\debug\debug.cpp:20 xcx@DESKTOP-R38IOME
ERROR 2025-05-06 14:52:22,655 NE_RS_UNBLDRE: Unable to load application resource file /resources/favicon.ico api\debug\debug.cpp:20 xcx@DESKTOP-R38IOME
INFO 2025-05-06 14:52:57,908 Auth info was exported to ./.tmp/auth_info.json api\debug\debug.cpp:17 xcx@DESKTOP-R38IOME
ERROR 2025-05-06 14:52:58,448 NE_RS_UNBLDRE: Unable to load application resource file /resources/favicon.ico api\debug\debug.cpp:20 xcx@DESKTOP-R38IOME
INFO 2025-05-06 14:53:34,398 Auth info was exported to ./.tmp/auth_info.json api\debug\debug.cpp:17 xcx@DESKTOP-R38IOME
ERROR 2025-05-06 14:53:34,960 NE_RS_UNBLDRE: Unable to load application resource file /resources/resources/cards.json api\debug\debug.cpp:20 xcx@DESKTOP-R38IOME
ERROR 2025-05-06 14:53:34,962 NE_RS_UNBLDRE: Unable to load application resource file /resources/favicon.ico api\debug\debug.cpp:20 xcx@DESKTOP-R38IOME
INFO 2025-05-06 14:54:10,964 Reloading the application... api\debug\debug.cpp:17 xcx@DESKTOP-R38IOME
ERROR 2025-05-06 14:54:11,045 NE_RS_UNBLDRE: Unable to load application resource file /resources/images/blue-eyes.jpg api\debug\debug.cpp:20 xcx@DESKTOP-R38IOME
ERROR 2025-05-06 14:54:11,045 NE_RS_UNBLDRE: Unable to load application resource file /resources/images/dark-magician.jpg api\debug\debug.cpp:20 xcx@DESKTOP-R38IOME
ERROR 2025-05-06 14:54:31,511 NE_RS_UNBLDRE: Unable to load application resource file /resources/images/blue-eyes.jpg api\debug\debug.cpp:20 xcx@DESKTOP-R38IOME
ERROR 2025-05-06 14:54:31,511 NE_RS_UNBLDRE: Unable to load application resource file /resources/images/dark-magician.jpg api\debug\debug.cpp:20 xcx@DESKTOP-R38IOME
ERROR 2025-05-06 14:54:36,911 NE_RS_UNBLDRE: Unable to load application resource file /resources/images/blue-eyes.jpg api\debug\debug.cpp:20 xcx@DESKTOP-R38IOME
ERROR 2025-05-06 14:54:36,911 NE_RS_UNBLDRE: Unable to load application resource file /resources/images/dark-magician.jpg api\debug\debug.cpp:20 xcx@DESKTOP-R38IOME
INFO 2025-05-06 14:54:43,124 Auth info was exported to ./.tmp/auth_info.json api\debug\debug.cpp:17 xcx@DESKTOP-R38IOME
ERROR 2025-05-06 14:54:43,624 NE_RS_UNBLDRE: Unable to load application resource file /resources/favicon.ico api\debug\debug.cpp:20 xcx@DESKTOP-R38IOME
INFO 2025-05-06 14:58:28,330 Auth info was exported to ./.tmp/auth_info.json api\debug\debug.cpp:17 xcx@DESKTOP-R38IOME
ERROR 2025-05-06 14:58:28,910 NE_RS_UNBLDRE: Unable to load application resource file /resources/favicon.ico api\debug\debug.cpp:20 xcx@DESKTOP-R38IOME
INFO 2025-05-06 15:07:34,316 Reloading the application... api\debug\debug.cpp:17 xcx@DESKTOP-R38IOME
INFO 2025-05-06 15:07:42,028 Auth info was exported to ./.tmp/auth_info.json api\debug\debug.cpp:17 xcx@DESKTOP-R38IOME
ERROR 2025-05-06 15:07:42,591 NE_RS_UNBLDRE: Unable to load application resource file /resources/favicon.ico api\debug\debug.cpp:20 xcx@DESKTOP-R38IOME
INFO 2025-05-06 15:08:24,446 Auth info was exported to ./.tmp/auth_info.json api\debug\debug.cpp:17 xcx@DESKTOP-R38IOME
ERROR 2025-05-06 15:08:24,946 NE_RS_UNBLDRE: Unable to load application resource file /resources/favicon.ico api\debug\debug.cpp:20 xcx@DESKTOP-R38IOME
ERROR 2025-05-06 15:08:24,961 NE_RS_UNBLDRE: Unable to load application resource file /resources/images/21801.jpg api\debug\debug.cpp:20 xcx@DESKTOP-R38IOME
ERROR 2025-05-06 15:08:24,997 NE_RS_UNBLDRE: Unable to load application resource file /resources/images/21802.jpg api\debug\debug.cpp:20 xcx@DESKTOP-R38IOME
ERROR 2025-05-06 15:08:24,999 NE_RS_UNBLDRE: Unable to load application resource file /resources/images/21803.jpg api\debug\debug.cpp:20 xcx@DESKTOP-R38IOME
ERROR 2025-05-06 15:08:25,001 NE_RS_UNBLDRE: Unable to load application resource file /resources/images/21804.jpg api\debug\debug.cpp:20 xcx@DESKTOP-R38IOME
ERROR 2025-05-06 15:08:25,003 NE_RS_UNBLDRE: Unable to load application resource file /resources/images/21805.jpg api\debug\debug.cpp:20 xcx@DESKTOP-R38IOME
ERROR 2025-05-06 15:08:25,005 NE_RS_UNBLDRE: Unable to load application resource file /resources/images/21806.jpg api\debug\debug.cpp:20 xcx@DESKTOP-R38IOME
ERROR 2025-05-06 15:08:25,008 NE_RS_UNBLDRE: Unable to load application resource file /resources/images/21807.jpg api\debug\debug.cpp:20 xcx@DESKTOP-R38IOME
ERROR 2025-05-06 15:08:25,013 NE_RS_UNBLDRE: Unable to load application resource file /resources/images/21808.jpg api\debug\debug.cpp:20 xcx@DESKTOP-R38IOME
ERROR 2025-05-06 15:08:25,024 NE_RS_UNBLDRE: Unable to load application resource file /resources/images/21809.jpg api\debug\debug.cpp:20 xcx@DESKTOP-R38IOME
ERROR 2025-05-06 15:08:25,026 NE_RS_UNBLDRE: Unable to load application resource file /resources/images/21810.jpg api\debug\debug.cpp:20 xcx@DESKTOP-R38IOME
ERROR 2025-05-06 15:08:25,028 NE_RS_UNBLDRE: Unable to load application resource file /resources/images/21812.jpg api\debug\debug.cpp:20 xcx@DESKTOP-R38IOME
ERROR 2025-05-06 15:08:25,029 NE_RS_UNBLDRE: Unable to load application resource file /resources/images/21811.jpg api\debug\debug.cpp:20 xcx@DESKTOP-R38IOME
ERROR 2025-05-06 15:08:25,030 NE_RS_UNBLDRE: Unable to load application resource file /resources/images/21813.jpg api\debug\debug.cpp:20 xcx@DESKTOP-R38IOME
ERROR 2025-05-06 15:08:25,034 NE_RS_UNBLDRE: Unable to load application resource file /resources/images/21814.jpg api\debug\debug.cpp:20 xcx@DESKTOP-R38IOME
ERROR 2025-05-06 15:08:25,039 NE_RS_UNBLDRE: Unable to load application resource file /resources/images/21815.jpg api\debug\debug.cpp:20 xcx@DESKTOP-R38IOME
ERROR 2025-05-06 15:08:25,041 NE_RS_UNBLDRE: Unable to load application resource file /resources/images/21816.jpg api\debug\debug.cpp:20 xcx@DESKTOP-R38IOME
ERROR 2025-05-06 15:08:25,041 NE_RS_UNBLDRE: Unable to load application resource file /resources/images/21817.jpg api\debug\debug.cpp:20 xcx@DESKTOP-R38IOME
ERROR 2025-05-06 15:08:25,041 NE_RS_UNBLDRE: Unable to load application resource file /resources/images/21819.jpg api\debug\debug.cpp:20 xcx@DESKTOP-R38IOME
ERROR 2025-05-06 15:08:25,041 NE_RS_UNBLDRE: Unable to load application resource file /resources/images/21818.jpg api\debug\debug.cpp:20 xcx@DESKTOP-R38IOME
INFO 2025-05-06 15:13:41,764 Reloading the application... api\debug\debug.cpp:17 xcx@DESKTOP-R38IOME
INFO 2025-05-06 15:15:05,986 Reloading the application... api\debug\debug.cpp:17 xcx@DESKTOP-R38IOME
INFO 2025-05-06 15:15:06,023 Reloading the application... api\debug\debug.cpp:17 xcx@DESKTOP-R38IOME
INFO 2025-05-06 15:15:06,029 Reloading the application... api\debug\debug.cpp:17 xcx@DESKTOP-R38IOME
INFO 2025-05-06 15:15:06,072 Reloading the application... api\debug\debug.cpp:17 xcx@DESKTOP-R38IOME
INFO 2025-05-06 15:15:06,075 Reloading the application... api\debug\debug.cpp:17 xcx@DESKTOP-R38IOME
INFO 2025-05-06 15:15:27,601 Reloading the application... api\debug\debug.cpp:17 xcx@DESKTOP-R38IOME
INFO 2025-05-06 15:15:27,617 Reloading the application... api\debug\debug.cpp:17 xcx@DESKTOP-R38IOME
INFO 2025-05-06 15:15:27,625 Reloading the application... api\debug\debug.cpp:17 xcx@DESKTOP-R38IOME
INFO 2025-05-06 15:15:27,632 Reloading the application... api\debug\debug.cpp:17 xcx@DESKTOP-R38IOME
INFO 2025-05-06 15:15:27,632 Reloading the application... api\debug\debug.cpp:17 xcx@DESKTOP-R38IOME
INFO 2025-05-06 15:15:27,632 Reloading the application... api\debug\debug.cpp:17 xcx@DESKTOP-R38IOME
INFO 2025-05-06 15:15:27,643 Reloading the application... api\debug\debug.cpp:17 xcx@DESKTOP-R38IOME
INFO 2025-05-06 15:15:27,644 Reloading the application... api\debug\debug.cpp:17 xcx@DESKTOP-R38IOME
INFO 2025-05-06 15:15:27,647 Reloading the application... api\debug\debug.cpp:17 xcx@DESKTOP-R38IOME
INFO 2025-05-06 15:15:27,653 Reloading the application... api\debug\debug.cpp:17 xcx@DESKTOP-R38IOME
INFO 2025-05-06 15:15:27,659 Reloading the application... api\debug\debug.cpp:17 xcx@DESKTOP-R38IOME
INFO 2025-05-06 15:15:27,667 Reloading the application... api\debug\debug.cpp:17 xcx@DESKTOP-R38IOME
INFO 2025-05-06 15:15:27,675 Reloading the application... api\debug\debug.cpp:17 xcx@DESKTOP-R38IOME
INFO 2025-05-06 15:15:27,675 Reloading the application... api\debug\debug.cpp:17 xcx@DESKTOP-R38IOME
INFO 2025-05-06 15:15:27,675 Reloading the application... api\debug\debug.cpp:17 xcx@DESKTOP-R38IOME
INFO 2025-05-06 15:15:27,691 Reloading the application... api\debug\debug.cpp:17 xcx@DESKTOP-R38IOME
INFO 2025-05-06 15:15:27,691 Reloading the application... api\debug\debug.cpp:17 xcx@DESKTOP-R38IOME
INFO 2025-05-06 15:15:27,711 Reloading the application... api\debug\debug.cpp:17 xcx@DESKTOP-R38IOME
INFO 2025-05-06 15:15:27,713 Reloading the application... api\debug\debug.cpp:17 xcx@DESKTOP-R38IOME
INFO 2025-05-06 15:15:27,713 Reloading the application... api\debug\debug.cpp:17 xcx@DESKTOP-R38IOME
INFO 2025-05-06 15:15:27,713 Reloading the application... api\debug\debug.cpp:17 xcx@DESKTOP-R38IOME
INFO 2025-05-06 15:15:27,729 Reloading the application... api\debug\debug.cpp:17 xcx@DESKTOP-R38IOME
INFO 2025-05-06 15:15:27,732 Reloading the application... api\debug\debug.cpp:17 xcx@DESKTOP-R38IOME
INFO 2025-05-06 15:15:27,745 Reloading the application... api\debug\debug.cpp:17 xcx@DESKTOP-R38IOME
INFO 2025-05-06 15:15:27,747 Reloading the application... api\debug\debug.cpp:17 xcx@DESKTOP-R38IOME
INFO 2025-05-06 15:15:27,755 Reloading the application... api\debug\debug.cpp:17 xcx@DESKTOP-R38IOME
INFO 2025-05-06 15:15:27,760 Reloading the application... api\debug\debug.cpp:17 xcx@DESKTOP-R38IOME
INFO 2025-05-06 15:15:27,761 Reloading the application... api\debug\debug.cpp:17 xcx@DESKTOP-R38IOME
INFO 2025-05-06 15:15:27,764 Reloading the application... api\debug\debug.cpp:17 xcx@DESKTOP-R38IOME
INFO 2025-05-06 15:15:27,780 Reloading the application... api\debug\debug.cpp:17 xcx@DESKTOP-R38IOME
INFO 2025-05-06 15:15:27,780 Reloading the application... api\debug\debug.cpp:17 xcx@DESKTOP-R38IOME
INFO 2025-05-06 15:15:27,795 Reloading the application... api\debug\debug.cpp:17 xcx@DESKTOP-R38IOME
INFO 2025-05-06 15:18:38,763 Auth info was exported to ./.tmp/auth_info.json api\debug\debug.cpp:17 xcx@DESKTOP-R38IOME
ERROR 2025-05-06 15:18:39,215 NE_RS_UNBLDRE: Unable to load application resource file /resources/assets/css/bootstrap.min.css api\debug\debug.cpp:20 xcx@DESKTOP-R38IOME
ERROR 2025-05-06 15:18:39,262 NE_RS_UNBLDRE: Unable to load application resource file /resources/favicon.ico api\debug\debug.cpp:20 xcx@DESKTOP-R38IOME
ERROR 2025-05-06 15:18:39,787 NE_RS_UNBLDRE: Unable to load application resource file /resources/assets/css/bootstrap.min.css api\debug\debug.cpp:20 xcx@DESKTOP-R38IOME
INFO 2025-05-06 15:19:25,968 Reloading the application... api\debug\debug.cpp:17 xcx@DESKTOP-R38IOME
ERROR 2025-05-06 15:19:25,997 NE_RS_UNBLDRE: Unable to load application resource file /resources/assets/css/bootstrap.min.css api\debug\debug.cpp:20 xcx@DESKTOP-R38IOME
INFO 2025-05-06 15:19:46,769 Reloading the application... api\debug\debug.cpp:17 xcx@DESKTOP-R38IOME
ERROR 2025-05-06 15:19:46,790 NE_RS_UNBLDRE: Unable to load application resource file /resources/assets/css/bootstrap.min.css api\debug\debug.cpp:20 xcx@DESKTOP-R38IOME
INFO 2025-05-06 15:20:34,632 Reloading the application... api\debug\debug.cpp:17 xcx@DESKTOP-R38IOME
INFO 2025-05-06 15:31:41,986 Reloading the application... api\debug\debug.cpp:17 xcx@DESKTOP-R38IOME
INFO 2025-05-06 15:31:42,008 Reloading the application... api\debug\debug.cpp:17 xcx@DESKTOP-R38IOME
INFO 2025-05-06 15:31:42,512 Reloading the application... api\debug\debug.cpp:17 xcx@DESKTOP-R38IOME
INFO 2025-05-06 15:34:07,558 Reloading the application... api\debug\debug.cpp:17 xcx@DESKTOP-R38IOME
INFO 2025-05-06 15:34:10,759 Reloading the application... api\debug\debug.cpp:17 xcx@DESKTOP-R38IOME
ERROR 2025-05-06 15:34:10,840 NE_RS_UNBLDRE: Unable to load application resource file /resources/undefined/index.html api\debug\debug.cpp:20 xcx@DESKTOP-R38IOME
INFO 2025-05-06 15:34:33,940 Auth info was exported to ./.tmp/auth_info.json api\debug\debug.cpp:17 xcx@DESKTOP-R38IOME
ERROR 2025-05-06 15:34:34,540 NE_RS_UNBLDRE: Unable to load application resource file /resources/favicon.ico api\debug\debug.cpp:20 xcx@DESKTOP-R38IOME
ERROR 2025-05-06 15:34:34,545 NE_RS_UNBLDRE: Unable to load application resource file /resources/undefined/index.html api\debug\debug.cpp:20 xcx@DESKTOP-R38IOME
INFO 2025-05-06 15:35:10,785 Reloading the application... api\debug\debug.cpp:17 xcx@DESKTOP-R38IOME
ERROR 2025-05-06 15:35:10,907 NE_RS_UNBLDRE: Unable to load application resource file /resources/undefined/index.html api\debug\debug.cpp:20 xcx@DESKTOP-R38IOME
INFO 2025-05-06 15:37:10,137 Reloading the application... api\debug\debug.cpp:17 xcx@DESKTOP-R38IOME
ERROR 2025-05-06 15:37:10,251 NE_RS_UNBLDRE: Unable to load application resource file /resources/undefined/index.html api\debug\debug.cpp:20 xcx@DESKTOP-R38IOME
INFO 2025-05-06 15:37:12,885 Reloading the application... api\debug\debug.cpp:17 xcx@DESKTOP-R38IOME
INFO 2025-05-06 15:39:40,758 Reloading the application... api\debug\debug.cpp:17 xcx@DESKTOP-R38IOME
INFO 2025-05-06 15:39:44,796 Reloading the application... api\debug\debug.cpp:17 xcx@DESKTOP-R38IOME
INFO 2025-05-06 15:40:51,326 Reloading the application... api\debug\debug.cpp:17 xcx@DESKTOP-R38IOME
INFO 2025-05-06 15:44:17,768 Reloading the application... api\debug\debug.cpp:17 xcx@DESKTOP-R38IOME
INFO 2025-05-06 15:44:20,540 Reloading the application... api\debug\debug.cpp:17 xcx@DESKTOP-R38IOME
INFO 2025-05-06 15:45:07,371 Auth info was exported to ./.tmp/auth_info.json api\debug\debug.cpp:17 xcx@DESKTOP-R38IOME
ERROR 2025-05-06 15:45:08,073 NE_RS_UNBLDRE: Unable to load application resource file /resources/favicon.ico api\debug\debug.cpp:20 xcx@DESKTOP-R38IOME
INFO 2025-05-06 15:45:30,092 Auth info was exported to ./.tmp/auth_info.json api\debug\debug.cpp:17 xcx@DESKTOP-R38IOME
ERROR 2025-05-06 15:45:30,621 NE_RS_UNBLDRE: Unable to load application resource file /resources/favicon.ico api\debug\debug.cpp:20 xcx@DESKTOP-R38IOME
INFO 2025-05-06 15:46:36,221 Auth info was exported to ./.tmp/auth_info.json api\debug\debug.cpp:17 xcx@DESKTOP-R38IOME
ERROR 2025-05-06 15:46:36,778 NE_RS_UNBLDRE: Unable to load application resource file /resources/favicon.ico api\debug\debug.cpp:20 xcx@DESKTOP-R38IOME
INFO 2025-05-06 15:46:49,482 Auth info was exported to ./.tmp/auth_info.json api\debug\debug.cpp:17 xcx@DESKTOP-R38IOME
ERROR 2025-05-06 15:46:50,030 NE_RS_UNBLDRE: Unable to load application resource file /resources/favicon.ico api\debug\debug.cpp:20 xcx@DESKTOP-R38IOME
INFO 2025-05-06 15:47:02,153 Auth info was exported to ./.tmp/auth_info.json api\debug\debug.cpp:17 xcx@DESKTOP-R38IOME
ERROR 2025-05-06 15:47:02,698 NE_RS_UNBLDRE: Unable to load application resource file /resources/favicon.ico api\debug\debug.cpp:20 xcx@DESKTOP-R38IOME
INFO 2025-05-06 15:47:13,470 Auth info was exported to ./.tmp/auth_info.json api\debug\debug.cpp:17 xcx@DESKTOP-R38IOME
ERROR 2025-05-06 15:47:14,001 NE_RS_UNBLDRE: Unable to load application resource file /resources/favicon.ico api\debug\debug.cpp:20 xcx@DESKTOP-R38IOME
INFO 2025-05-06 15:47:24,809 Auth info was exported to ./.tmp/auth_info.json api\debug\debug.cpp:17 xcx@DESKTOP-R38IOME
ERROR 2025-05-06 15:47:25,338 NE_RS_UNBLDRE: Unable to load application resource file /resources/favicon.ico api\debug\debug.cpp:20 xcx@DESKTOP-R38IOME
INFO 2025-05-06 15:47:55,942 Auth info was exported to ./.tmp/auth_info.json api\debug\debug.cpp:17 xcx@DESKTOP-R38IOME
ERROR 2025-05-06 15:47:56,447 NE_RS_UNBLDRE: Unable to load application resource file /resources/favicon.ico api\debug\debug.cpp:20 xcx@DESKTOP-R38IOME
INFO 2025-05-06 15:49:12,273 Reloading the application... api\debug\debug.cpp:17 xcx@DESKTOP-R38IOME
INFO 2025-05-06 15:49:29,440 Reloading the application... api\debug\debug.cpp:17 xcx@DESKTOP-R38IOME
INFO 2025-05-06 15:49:38,750 Reloading the application... api\debug\debug.cpp:17 xcx@DESKTOP-R38IOME
INFO 2025-05-06 15:49:46,983 Reloading the application... api\debug\debug.cpp:17 xcx@DESKTOP-R38IOME
INFO 2025-05-06 15:51:01,543 Reloading the application... api\debug\debug.cpp:17 xcx@DESKTOP-R38IOME
INFO 2025-05-06 15:51:10,538 Reloading the application... api\debug\debug.cpp:17 xcx@DESKTOP-R38IOME
INFO 2025-05-06 15:51:47,724 Reloading the application... api\debug\debug.cpp:17 xcx@DESKTOP-R38IOME
INFO 2025-05-06 15:52:05,728 Reloading the application... api\debug\debug.cpp:17 xcx@DESKTOP-R38IOME
INFO 2025-05-06 15:52:44,079 Reloading the application... api\debug\debug.cpp:17 xcx@DESKTOP-R38IOME
INFO 2025-05-06 15:52:51,363 Reloading the application... api\debug\debug.cpp:17 xcx@DESKTOP-R38IOME
INFO 2025-05-06 15:53:05,465 Auth info was exported to ./.tmp/auth_info.json api\debug\debug.cpp:17 xcx@DESKTOP-R38IOME
ERROR 2025-05-06 15:53:06,119 NE_RS_UNBLDRE: Unable to load application resource file /resources/favicon.ico api\debug\debug.cpp:20 xcx@DESKTOP-R38IOME
INFO 2025-05-06 15:54:04,208 Reloading the application... api\debug\debug.cpp:17 xcx@DESKTOP-R38IOME
INFO 2025-05-06 15:54:24,428 Auth info was exported to ./.tmp/auth_info.json api\debug\debug.cpp:17 xcx@DESKTOP-R38IOME
ERROR 2025-05-06 15:54:24,933 NE_RS_UNBLDRE: Unable to load application resource file /resources/favicon.ico api\debug\debug.cpp:20 xcx@DESKTOP-R38IOME
INFO 2025-05-06 15:55:48,888 Reloading the application... api\debug\debug.cpp:17 xcx@DESKTOP-R38IOME
INFO 2025-05-06 15:55:51,775 Reloading the application... api\debug\debug.cpp:17 xcx@DESKTOP-R38IOME
INFO 2025-05-06 15:56:40,136 Reloading the application... api\debug\debug.cpp:17 xcx@DESKTOP-R38IOME
INFO 2025-05-06 15:57:23,207 Reloading the application... api\debug\debug.cpp:17 xcx@DESKTOP-R38IOME
INFO 2025-05-06 15:58:55,073 Reloading the application... api\debug\debug.cpp:17 xcx@DESKTOP-R38IOME
INFO 2025-05-06 15:59:56,361 Reloading the application... api\debug\debug.cpp:17 xcx@DESKTOP-R38IOME
INFO 2025-05-06 16:00:12,461 Reloading the application... api\debug\debug.cpp:17 xcx@DESKTOP-R38IOME
INFO 2025-05-06 16:01:10,145 Reloading the application... api\debug\debug.cpp:17 xcx@DESKTOP-R38IOME
INFO 2025-05-06 16:03:42,412 Auth info was exported to ./.tmp/auth_info.json api\debug\debug.cpp:17 xcx@DESKTOP-R38IOME
ERROR 2025-05-06 16:03:43,067 NE_RS_UNBLDRE: Unable to load application resource file /resources/favicon.ico api\debug\debug.cpp:20 xcx@DESKTOP-R38IOME
INFO 2025-05-06 16:04:28,370 Auth info was exported to ./.tmp/auth_info.json api\debug\debug.cpp:17 xcx@DESKTOP-R38IOME
ERROR 2025-05-06 16:04:28,986 NE_RS_UNBLDRE: Unable to load application resource file /resources/favicon.ico api\debug\debug.cpp:20 xcx@DESKTOP-R38IOME
INFO 2025-05-06 16:04:37,734 Auth info was exported to ./.tmp/auth_info.json api\debug\debug.cpp:17 xcx@DESKTOP-R38IOME
ERROR 2025-05-06 16:04:38,361 NE_RS_UNBLDRE: Unable to load application resource file /resources/favicon.ico api\debug\debug.cpp:20 xcx@DESKTOP-R38IOME
INFO 2025-05-06 16:06:34,655 Auth info was exported to ./.tmp/auth_info.json api\debug\debug.cpp:17 xcx@DESKTOP-R38IOME
ERROR 2025-05-06 16:06:35,144 NE_RS_UNBLDRE: Unable to load application resource file /resources/favicon.ico api\debug\debug.cpp:20 xcx@DESKTOP-R38IOME
INFO 2025-05-06 16:07:45,092 Reloading the application... api\debug\debug.cpp:17 xcx@DESKTOP-R38IOME
INFO 2025-05-06 16:07:52,251 Auth info was exported to ./.tmp/auth_info.json api\debug\debug.cpp:17 xcx@DESKTOP-R38IOME
ERROR 2025-05-06 16:07:52,758 NE_RS_UNBLDRE: Unable to load application resource file /resources/favicon.ico api\debug\debug.cpp:20 xcx@DESKTOP-R38IOME
INFO 2025-05-06 16:08:56,516 Reloading the application... api\debug\debug.cpp:17 xcx@DESKTOP-R38IOME
INFO 2025-05-06 16:09:12,327 Auth info was exported to ./.tmp/auth_info.json api\debug\debug.cpp:17 xcx@DESKTOP-R38IOME
ERROR 2025-05-06 16:09:12,933 NE_RS_UNBLDRE: Unable to load application resource file /resources/favicon.ico api\debug\debug.cpp:20 xcx@DESKTOP-R38IOME
INFO 2025-05-06 16:10:52,215 Auth info was exported to ./.tmp/auth_info.json api\debug\debug.cpp:17 xcx@DESKTOP-R38IOME
ERROR 2025-05-06 16:10:52,814 NE_RS_UNBLDRE: Unable to load application resource file /resources/favicon.ico api\debug\debug.cpp:20 xcx@DESKTOP-R38IOME
INFO 2025-05-06 16:11:16,005 Auth info was exported to ./.tmp/auth_info.json api\debug\debug.cpp:17 xcx@DESKTOP-R38IOME
ERROR 2025-05-06 16:11:16,559 NE_RS_UNBLDRE: Unable to load application resource file /resources/favicon.ico api\debug\debug.cpp:20 xcx@DESKTOP-R38IOME
INFO 2025-05-06 16:11:28,953 Auth info was exported to ./.tmp/auth_info.json api\debug\debug.cpp:17 xcx@DESKTOP-R38IOME
ERROR 2025-05-06 16:11:32,830 NE_RS_UNBLDRE: Unable to load application resource file /resources/favicon.ico api\debug\debug.cpp:20 xcx@DESKTOP-R38IOME
INFO 2025-05-06 16:12:40,909 Auth info was exported to ./.tmp/auth_info.json api\debug\debug.cpp:17 xcx@DESKTOP-R38IOME
ERROR 2025-05-06 16:12:42,273 NE_RS_UNBLDRE: Unable to load application resource file /resources/favicon.ico api\debug\debug.cpp:20 xcx@DESKTOP-R38IOME
INFO 2025-05-06 16:12:58,996 Auth info was exported to ./.tmp/auth_info.json api\debug\debug.cpp:17 xcx@DESKTOP-R38IOME
ERROR 2025-05-06 16:13:02,080 NE_RS_UNBLDRE: Unable to load application resource file /resources/favicon.ico api\debug\debug.cpp:20 xcx@DESKTOP-R38IOME
ERROR 2025-05-06 16:13:20,545 NE_RS_UNBLDRE: Unable to load application resource file /resources/undefined/index.html api\debug\debug.cpp:20 xcx@DESKTOP-R38IOME
INFO 2025-05-06 16:13:43,530 Reloading the application... api\debug\debug.cpp:17 xcx@DESKTOP-R38IOME
ERROR 2025-05-06 16:13:43,616 NE_RS_UNBLDRE: Unable to load application resource file /resources/undefined/index.html api\debug\debug.cpp:20 xcx@DESKTOP-R38IOME
INFO 2025-05-06 16:14:00,732 Auth info was exported to ./.tmp/auth_info.json api\debug\debug.cpp:17 xcx@DESKTOP-R38IOME
ERROR 2025-05-06 16:14:01,699 NE_RS_UNBLDRE: Unable to load application resource file /resources/favicon.ico api\debug\debug.cpp:20 xcx@DESKTOP-R38IOME
INFO 2025-05-06 16:14:54,199 Reloading the application... api\debug\debug.cpp:17 xcx@DESKTOP-R38IOME
ERROR 2025-05-06 16:15:02,289 NE_RS_UNBLDRE: Unable to load application resource file /resources/undefined/index.html api\debug\debug.cpp:20 xcx@DESKTOP-R38IOME
INFO 2025-05-06 16:19:06,862 Reloading the application... api\debug\debug.cpp:17 xcx@DESKTOP-R38IOME
ERROR 2025-05-06 16:19:06,935 NE_RS_UNBLDRE: Unable to load application resource file /resources/undefined/index.html api\debug\debug.cpp:20 xcx@DESKTOP-R38IOME
INFO 2025-05-06 16:19:09,510 Reloading the application... api\debug\debug.cpp:17 xcx@DESKTOP-R38IOME
ERROR 2025-05-06 16:19:09,633 NE_RS_UNBLDRE: Unable to load application resource file /resources/path/to/default-image.jpg api\debug\debug.cpp:20 xcx@DESKTOP-R38IOME
INFO 2025-05-06 16:20:34,779 Reloading the application... api\debug\debug.cpp:17 xcx@DESKTOP-R38IOME
ERROR 2025-05-06 16:20:34,844 NE_RS_UNBLDRE: Unable to load application resource file /resources/path/to/default-image.jpg api\debug\debug.cpp:20 xcx@DESKTOP-R38IOME
INFO 2025-05-06 16:20:41,740 Auth info was exported to ./.tmp/auth_info.json api\debug\debug.cpp:17 xcx@DESKTOP-R38IOME
ERROR 2025-05-06 16:20:42,426 NE_RS_UNBLDRE: Unable to load application resource file /resources/path/to/default-image.jpg api\debug\debug.cpp:20 xcx@DESKTOP-R38IOME
ERROR 2025-05-06 16:20:42,428 NE_RS_UNBLDRE: Unable to load application resource file /resources/favicon.ico api\debug\debug.cpp:20 xcx@DESKTOP-R38IOME
INFO 2025-05-06 16:20:54,899 Auth info was exported to ./.tmp/auth_info.json api\debug\debug.cpp:17 xcx@DESKTOP-R38IOME
ERROR 2025-05-06 16:20:55,399 NE_RS_UNBLDRE: Unable to load application resource file /resources/favicon.ico api\debug\debug.cpp:20 xcx@DESKTOP-R38IOME
INFO 2025-05-06 16:22:47,190 Reloading the application... api\debug\debug.cpp:17 xcx@DESKTOP-R38IOME
INFO 2025-05-06 16:23:03,990 Auth info was exported to ./.tmp/auth_info.json api\debug\debug.cpp:17 xcx@DESKTOP-R38IOME
ERROR 2025-05-06 16:23:04,539 NE_RS_UNBLDRE: Unable to load application resource file /resources/favicon.ico api\debug\debug.cpp:20 xcx@DESKTOP-R38IOME
ERROR 2025-05-06 16:23:14,687 NE_RS_UNBLDRE: Unable to load application resource file /resources/path/to/default-image.jpg api\debug\debug.cpp:20 xcx@DESKTOP-R38IOME
INFO 2025-05-06 16:23:36,801 Reloading the application... api\debug\debug.cpp:17 xcx@DESKTOP-R38IOME
ERROR 2025-05-06 16:23:36,902 NE_RS_UNBLDRE: Unable to load application resource file /resources/undefined/index.html api\debug\debug.cpp:20 xcx@DESKTOP-R38IOME
INFO 2025-05-06 16:28:06,886 Reloading the application... api\debug\debug.cpp:17 xcx@DESKTOP-R38IOME
ERROR 2025-05-06 16:28:06,956 NE_RS_UNBLDRE: Unable to load application resource file /resources/path/to/default-image.jpg api\debug\debug.cpp:20 xcx@DESKTOP-R38IOME
INFO 2025-05-06 16:28:19,851 Auth info was exported to ./.tmp/auth_info.json api\debug\debug.cpp:17 xcx@DESKTOP-R38IOME
ERROR 2025-05-06 16:28:20,429 NE_RS_UNBLDRE: Unable to load application resource file /resources/favicon.ico api\debug\debug.cpp:20 xcx@DESKTOP-R38IOME
ERROR 2025-05-06 16:28:28,394 NE_RS_UNBLDRE: Unable to load application resource file /resources/path/to/default-image.jpg api\debug\debug.cpp:20 xcx@DESKTOP-R38IOME
INFO 2025-05-06 16:29:56,510 Reloading the application... api\debug\debug.cpp:17 xcx@DESKTOP-R38IOME
ERROR 2025-05-06 16:29:56,594 NE_RS_UNBLDRE: Unable to load application resource file /resources/undefined/index.html api\debug\debug.cpp:20 xcx@DESKTOP-R38IOME
INFO 2025-05-06 16:30:07,628 Auth info was exported to ./.tmp/auth_info.json api\debug\debug.cpp:17 xcx@DESKTOP-R38IOME
ERROR 2025-05-06 16:30:08,129 NE_RS_UNBLDRE: Unable to load application resource file /resources/favicon.ico api\debug\debug.cpp:20 xcx@DESKTOP-R38IOME
ERROR 2025-05-06 16:30:16,007 NE_RS_UNBLDRE: Unable to load application resource file /resources/undefined/index.html api\debug\debug.cpp:20 xcx@DESKTOP-R38IOME
INFO 2025-05-06 16:33:18,968 Reloading the application... api\debug\debug.cpp:17 xcx@DESKTOP-R38IOME
INFO 2025-05-06 16:33:26,231 Auth info was exported to ./.tmp/auth_info.json api\debug\debug.cpp:17 xcx@DESKTOP-R38IOME
ERROR 2025-05-06 16:33:26,805 NE_RS_UNBLDRE: Unable to load application resource file /resources/favicon.ico api\debug\debug.cpp:20 xcx@DESKTOP-R38IOME
INFO 2025-05-06 16:33:41,098 Auth info was exported to ./.tmp/auth_info.json api\debug\debug.cpp:17 xcx@DESKTOP-R38IOME
ERROR 2025-05-06 16:33:41,622 NE_RS_UNBLDRE: Unable to load application resource file /resources/favicon.ico api\debug\debug.cpp:20 xcx@DESKTOP-R38IOME
INFO 2025-05-06 16:33:53,566 Auth info was exported to ./.tmp/auth_info.json api\debug\debug.cpp:17 xcx@DESKTOP-R38IOME
ERROR 2025-05-06 16:33:54,176 NE_RS_UNBLDRE: Unable to load application resource file /resources/favicon.ico api\debug\debug.cpp:20 xcx@DESKTOP-R38IOME
INFO 2025-05-06 17:52:15,530 Auth info was exported to ./.tmp/auth_info.json api\debug\debug.cpp:17 xcx@DESKTOP-R38IOME
ERROR 2025-05-06 17:52:16,944 NE_RS_UNBLDRE: Unable to load application resource file /resources/cards/lob.json api\debug\debug.cpp:20 xcx@DESKTOP-R38IOME
ERROR 2025-05-06 17:52:16,945 NE_RS_UNBLDRE: Unable to load application resource file /resources/favicon.ico api\debug\debug.cpp:20 xcx@DESKTOP-R38IOME
INFO 2025-05-06 17:52:52,883 Reloading the application... api\debug\debug.cpp:17 xcx@DESKTOP-R38IOME
ERROR 2025-05-06 17:52:52,958 NE_RS_UNBLDRE: Unable to load application resource file /resources/cards/lob.json api\debug\debug.cpp:20 xcx@DESKTOP-R38IOME
INFO 2025-05-06 17:53:29,915 Reloading the application... api\debug\debug.cpp:17 xcx@DESKTOP-R38IOME
ERROR 2025-05-06 17:53:32,969 NE_RS_UNBLDRE: Unable to load application resource file /resources/mrd.json api\debug\debug.cpp:20 xcx@DESKTOP-R38IOME
ERROR 2025-05-06 17:57:01,225 NE_RS_UNBLDRE: Unable to load application resource file /resources/mrd.json api\debug\debug.cpp:20 xcx@DESKTOP-R38IOME
INFO 2025-05-06 17:59:14,602 Reloading the application... api\debug\debug.cpp:17 xcx@DESKTOP-R38IOME
INFO 2025-05-06 17:59:14,603 Reloading the application... api\debug\debug.cpp:17 xcx@DESKTOP-R38IOME
INFO 2025-05-06 17:59:29,187 Reloading the application... api\debug\debug.cpp:17 xcx@DESKTOP-R38IOME
INFO 2025-05-06 18:00:12,891 Reloading the application... api\debug\debug.cpp:17 xcx@DESKTOP-R38IOME
INFO 2025-05-06 18:01:18,757 Reloading the application... api\debug\debug.cpp:17 xcx@DESKTOP-R38IOME
INFO 2025-05-06 18:01:18,837 Reloading the application... api\debug\debug.cpp:17 xcx@DESKTOP-R38IOME
INFO 2025-05-06 18:01:19,186 Reloading the application... api\debug\debug.cpp:17 xcx@DESKTOP-R38IOME
INFO 2025-05-06 18:01:54,577 Reloading the application... api\debug\debug.cpp:17 xcx@DESKTOP-R38IOME
INFO 2025-05-06 18:01:54,970 Reloading the application... api\debug\debug.cpp:17 xcx@DESKTOP-R38IOME
INFO 2025-05-06 18:01:55,579 Reloading the application... api\debug\debug.cpp:17 xcx@DESKTOP-R38IOME
INFO 2025-05-06 18:02:11,000 Reloading the application... api\debug\debug.cpp:17 xcx@DESKTOP-R38IOME
INFO 2025-05-06 18:02:11,414 Reloading the application... api\debug\debug.cpp:17 xcx@DESKTOP-R38IOME
INFO 2025-05-06 18:02:24,962 Reloading the application... api\debug\debug.cpp:17 xcx@DESKTOP-R38IOME
INFO 2025-05-06 18:02:25,581 Reloading the application... api\debug\debug.cpp:17 xcx@DESKTOP-R38IOME
INFO 2025-05-06 18:02:40,229 Reloading the application... api\debug\debug.cpp:17 xcx@DESKTOP-R38IOME
INFO 2025-05-06 18:02:40,273 Reloading the application... api\debug\debug.cpp:17 xcx@DESKTOP-R38IOME
INFO 2025-05-06 18:02:40,613 Reloading the application... api\debug\debug.cpp:17 xcx@DESKTOP-R38IOME
INFO 2025-05-06 18:02:53,635 Reloading the application... api\debug\debug.cpp:17 xcx@DESKTOP-R38IOME
INFO 2025-05-06 18:02:53,688 Reloading the application... api\debug\debug.cpp:17 xcx@DESKTOP-R38IOME
INFO 2025-05-06 18:03:06,129 Reloading the application... api\debug\debug.cpp:17 xcx@DESKTOP-R38IOME
INFO 2025-05-06 18:03:06,266 Reloading the application... api\debug\debug.cpp:17 xcx@DESKTOP-R38IOME
INFO 2025-05-06 18:03:06,398 Reloading the application... api\debug\debug.cpp:17 xcx@DESKTOP-R38IOME
INFO 2025-05-06 18:03:20,061 Reloading the application... api\debug\debug.cpp:17 xcx@DESKTOP-R38IOME
INFO 2025-05-06 18:03:20,463 Reloading the application... api\debug\debug.cpp:17 xcx@DESKTOP-R38IOME
INFO 2025-05-06 18:03:32,411 Reloading the application... api\debug\debug.cpp:17 xcx@DESKTOP-R38IOME
INFO 2025-05-06 18:03:48,392 Reloading the application... api\debug\debug.cpp:17 xcx@DESKTOP-R38IOME
INFO 2025-05-06 18:03:48,820 Reloading the application... api\debug\debug.cpp:17 xcx@DESKTOP-R38IOME
INFO 2025-05-06 18:04:17,242 Reloading the application... api\debug\debug.cpp:17 xcx@DESKTOP-R38IOME
INFO 2025-05-06 18:04:17,248 Reloading the application... api\debug\debug.cpp:17 xcx@DESKTOP-R38IOME
INFO 2025-05-06 18:04:17,566 Reloading the application... api\debug\debug.cpp:17 xcx@DESKTOP-R38IOME
INFO 2025-05-06 18:04:31,610 Reloading the application... api\debug\debug.cpp:17 xcx@DESKTOP-R38IOME
INFO 2025-05-06 18:04:32,096 Reloading the application... api\debug\debug.cpp:17 xcx@DESKTOP-R38IOME
INFO 2025-05-06 18:04:42,975 Reloading the application... api\debug\debug.cpp:17 xcx@DESKTOP-R38IOME
INFO 2025-05-06 18:04:43,010 Reloading the application... api\debug\debug.cpp:17 xcx@DESKTOP-R38IOME
INFO 2025-05-06 18:04:43,372 Reloading the application... api\debug\debug.cpp:17 xcx@DESKTOP-R38IOME
INFO 2025-05-06 18:05:14,950 Reloading the application... api\debug\debug.cpp:17 xcx@DESKTOP-R38IOME
INFO 2025-05-06 18:05:15,003 Reloading the application... api\debug\debug.cpp:17 xcx@DESKTOP-R38IOME
INFO 2025-05-06 18:05:15,340 Reloading the application... api\debug\debug.cpp:17 xcx@DESKTOP-R38IOME
INFO 2025-05-06 18:05:25,891 Reloading the application... api\debug\debug.cpp:17 xcx@DESKTOP-R38IOME
INFO 2025-05-06 18:05:26,342 Reloading the application... api\debug\debug.cpp:17 xcx@DESKTOP-R38IOME
INFO 2025-05-06 18:05:36,923 Reloading the application... api\debug\debug.cpp:17 xcx@DESKTOP-R38IOME
INFO 2025-05-06 18:05:36,966 Reloading the application... api\debug\debug.cpp:17 xcx@DESKTOP-R38IOME
INFO 2025-05-06 18:05:37,287 Reloading the application... api\debug\debug.cpp:17 xcx@DESKTOP-R38IOME
INFO 2025-05-06 18:05:45,396 Reloading the application... api\debug\debug.cpp:17 xcx@DESKTOP-R38IOME
INFO 2025-05-06 18:05:45,420 Reloading the application... api\debug\debug.cpp:17 xcx@DESKTOP-R38IOME
INFO 2025-05-06 18:05:45,760 Reloading the application... api\debug\debug.cpp:17 xcx@DESKTOP-R38IOME
INFO 2025-05-06 18:05:55,657 Reloading the application... api\debug\debug.cpp:17 xcx@DESKTOP-R38IOME
INFO 2025-05-06 18:05:55,703 Reloading the application... api\debug\debug.cpp:17 xcx@DESKTOP-R38IOME
INFO 2025-05-06 18:05:56,053 Reloading the application... api\debug\debug.cpp:17 xcx@DESKTOP-R38IOME
INFO 2025-05-06 18:06:07,103 Reloading the application... api\debug\debug.cpp:17 xcx@DESKTOP-R38IOME
INFO 2025-05-06 18:06:07,151 Reloading the application... api\debug\debug.cpp:17 xcx@DESKTOP-R38IOME
INFO 2025-05-06 18:06:07,473 Reloading the application... api\debug\debug.cpp:17 xcx@DESKTOP-R38IOME
INFO 2025-05-06 18:06:18,688 Reloading the application... api\debug\debug.cpp:17 xcx@DESKTOP-R38IOME
INFO 2025-05-06 18:06:18,732 Reloading the application... api\debug\debug.cpp:17 xcx@DESKTOP-R38IOME
INFO 2025-05-06 18:06:19,155 Reloading the application... api\debug\debug.cpp:17 xcx@DESKTOP-R38IOME
INFO 2025-05-06 18:06:29,518 Reloading the application... api\debug\debug.cpp:17 xcx@DESKTOP-R38IOME
INFO 2025-05-06 18:06:29,559 Reloading the application... api\debug\debug.cpp:17 xcx@DESKTOP-R38IOME
INFO 2025-05-06 18:06:29,925 Reloading the application... api\debug\debug.cpp:17 xcx@DESKTOP-R38IOME
INFO 2025-05-06 18:06:50,805 Reloading the application... api\debug\debug.cpp:17 xcx@DESKTOP-R38IOME
INFO 2025-05-06 18:06:51,214 Reloading the application... api\debug\debug.cpp:17 xcx@DESKTOP-R38IOME
INFO 2025-05-06 18:07:11,342 Reloading the application... api\debug\debug.cpp:17 xcx@DESKTOP-R38IOME
INFO 2025-05-06 18:08:21,276 Reloading the application... api\debug\debug.cpp:17 xcx@DESKTOP-R38IOME
INFO 2025-05-06 18:11:45,562 Reloading the application... api\debug\debug.cpp:17 xcx@DESKTOP-R38IOME
INFO 2025-05-06 18:14:08,564 Auth info was exported to ./.tmp/auth_info.json api\debug\debug.cpp:17 xcx@DESKTOP-R38IOME
ERROR 2025-05-06 18:14:09,083 NE_RS_UNBLDRE: Unable to load application resource file /resources/favicon.ico api\debug\debug.cpp:20 xcx@DESKTOP-R38IOME
INFO 2025-05-06 18:15:13,526 Reloading the application... api\debug\debug.cpp:17 xcx@DESKTOP-R38IOME
INFO 2025-05-06 18:15:39,472 Reloading the application... api\debug\debug.cpp:17 xcx@DESKTOP-R38IOME
INFO 2025-05-06 18:15:52,341 Reloading the application... api\debug\debug.cpp:17 xcx@DESKTOP-R38IOME
INFO 2025-05-06 18:16:53,122 Reloading the application... api\debug\debug.cpp:17 xcx@DESKTOP-R38IOME
INFO 2025-05-06 18:17:07,227 Reloading the application... api\debug\debug.cpp:17 xcx@DESKTOP-R38IOME
INFO 2025-05-06 18:17:55,749 Reloading the application... api\debug\debug.cpp:17 xcx@DESKTOP-R38IOME
INFO 2025-05-06 18:18:16,620 Reloading the application... api\debug\debug.cpp:17 xcx@DESKTOP-R38IOME
INFO 2025-05-06 18:19:24,583 Auth info was exported to ./.tmp/auth_info.json api\debug\debug.cpp:17 xcx@DESKTOP-R38IOME
ERROR 2025-05-06 18:19:25,223 NE_RS_UNBLDRE: Unable to load application resource file /resources/favicon.ico api\debug\debug.cpp:20 xcx@DESKTOP-R38IOME
INFO 2025-05-06 18:20:06,808 Auth info was exported to ./.tmp/auth_info.json api\debug\debug.cpp:17 xcx@DESKTOP-R38IOME
ERROR 2025-05-06 18:20:07,472 NE_RS_UNBLDRE: Unable to load application resource file /resources/favicon.ico api\debug\debug.cpp:20 xcx@DESKTOP-R38IOME
INFO 2025-05-06 18:20:29,308 Auth info was exported to ./.tmp/auth_info.json api\debug\debug.cpp:17 xcx@DESKTOP-R38IOME
ERROR 2025-05-06 18:20:30,059 NE_RS_UNBLDRE: Unable to load application resource file /resources/favicon.ico api\debug\debug.cpp:20 xcx@DESKTOP-R38IOME
INFO 2025-05-06 18:21:01,436 Auth info was exported to ./.tmp/auth_info.json api\debug\debug.cpp:17 xcx@DESKTOP-R38IOME
ERROR 2025-05-06 18:21:02,131 NE_RS_UNBLDRE: Unable to load application resource file /resources/favicon.ico api\debug\debug.cpp:20 xcx@DESKTOP-R38IOME
INFO 2025-05-06 18:23:27,402 Reloading the application... api\debug\debug.cpp:17 xcx@DESKTOP-R38IOME
INFO 2025-05-06 18:23:53,292 Reloading the application... api\debug\debug.cpp:17 xcx@DESKTOP-R38IOME
INFO 2025-05-06 18:24:06,875 Reloading the application... api\debug\debug.cpp:17 xcx@DESKTOP-R38IOME
INFO 2025-05-06 18:24:12,083 Auth info was exported to ./.tmp/auth_info.json api\debug\debug.cpp:17 xcx@DESKTOP-R38IOME
ERROR 2025-05-06 18:24:12,747 NE_RS_UNBLDRE: Unable to load application resource file /resources/favicon.ico api\debug\debug.cpp:20 xcx@DESKTOP-R38IOME
INFO 2025-05-06 18:24:48,162 Reloading the application... api\debug\debug.cpp:17 xcx@DESKTOP-R38IOME
INFO 2025-05-06 18:25:05,285 Auth info was exported to ./.tmp/auth_info.json api\debug\debug.cpp:17 xcx@DESKTOP-R38IOME
ERROR 2025-05-06 18:25:06,132 NE_RS_UNBLDRE: Unable to load application resource file /resources/favicon.ico api\debug\debug.cpp:20 xcx@DESKTOP-R38IOME
INFO 2025-05-06 18:25:45,421 Auth info was exported to ./.tmp/auth_info.json api\debug\debug.cpp:17 xcx@DESKTOP-R38IOME
ERROR 2025-05-06 18:25:46,124 NE_RS_UNBLDRE: Unable to load application resource file /resources/favicon.ico api\debug\debug.cpp:20 xcx@DESKTOP-R38IOME
INFO 2025-05-06 18:27:04,138 Reloading the application... api\debug\debug.cpp:17 xcx@DESKTOP-R38IOME
INFO 2025-05-06 18:28:53,831 Reloading the application... api\debug\debug.cpp:17 xcx@DESKTOP-R38IOME
INFO 2025-05-06 18:29:30,755 Reloading the application... api\debug\debug.cpp:17 xcx@DESKTOP-R38IOME
INFO 2025-05-06 18:29:39,201 Reloading the application... api\debug\debug.cpp:17 xcx@DESKTOP-R38IOME
INFO 2025-05-06 18:29:56,323 Auth info was exported to ./.tmp/auth_info.json api\debug\debug.cpp:17 xcx@DESKTOP-R38IOME
ERROR 2025-05-06 18:29:57,110 NE_RS_UNBLDRE: Unable to load application resource file /resources/favicon.ico api\debug\debug.cpp:20 xcx@DESKTOP-R38IOME
INFO 2025-05-06 18:33:39,650 Auth info was exported to ./.tmp/auth_info.json api\debug\debug.cpp:17 xcx@DESKTOP-R38IOME
ERROR 2025-05-06 18:33:40,235 NE_RS_UNBLDRE: Unable to load application resource file /resources/favicon.ico api\debug\debug.cpp:20 xcx@DESKTOP-R38IOME
INFO 2025-05-06 18:35:12,796 Auth info was exported to ./.tmp/auth_info.json api\debug\debug.cpp:17 xcx@DESKTOP-R38IOME
ERROR 2025-05-06 18:35:13,276 NE_RS_UNBLDRE: Unable to load application resource file /resources/favicon.ico api\debug\debug.cpp:20 xcx@DESKTOP-R38IOME
INFO 2025-05-06 21:41:22,600 Auth info was exported to ./.tmp/auth_info.json api\debug\debug.cpp:17 xcx@DESKTOP-R38IOME
ERROR 2025-05-06 21:41:24,121 NE_RS_UNBLDRE: Unable to load application resource file /resources/favicon.ico api\debug\debug.cpp:20 xcx@DESKTOP-R38IOME
ERROR 2025-05-06 21:41:44,474 NE_RS_UNBLDRE: Unable to load application resource file /resources/downloaded_images/AST_AST-040.jpg api\debug\debug.cpp:20 xcx@DESKTOP-R38IOME
ERROR 2025-05-06 21:41:44,486 NE_RS_UNBLDRE: Unable to load application resource file /resources/downloaded_images/AST_AST-034.jpg api\debug\debug.cpp:20 xcx@DESKTOP-R38IOME
ERROR 2025-05-06 21:41:44,488 NE_RS_UNBLDRE: Unable to load application resource file /resources/downloaded_images/AST_AST-022.jpg api\debug\debug.cpp:20 xcx@DESKTOP-R38IOME
ERROR 2025-05-06 21:41:44,490 NE_RS_UNBLDRE: Unable to load application resource file /resources/downloaded_images/AST_AST-038.jpg api\debug\debug.cpp:20 xcx@DESKTOP-R38IOME
ERROR 2025-05-06 21:41:44,490 NE_RS_UNBLDRE: Unable to load application resource file /resources/downloaded_images/AST_AST-105.jpg api\debug\debug.cpp:20 xcx@DESKTOP-R38IOME
ERROR 2025-05-06 21:41:44,491 NE_RS_UNBLDRE: Unable to load application resource file /resources/downloaded_images/AST_AST-095.jpg api\debug\debug.cpp:20 xcx@DESKTOP-R38IOME
ERROR 2025-05-06 21:41:44,492 NE_RS_UNBLDRE: Unable to load application resource file /resources/downloaded_images/AST_AST-107.jpg api\debug\debug.cpp:20 xcx@DESKTOP-R38IOME
ERROR 2025-05-06 21:41:44,495 NE_RS_UNBLDRE: Unable to load application resource file /resources/downloaded_images/AST_AST-076.jpg api\debug\debug.cpp:20 xcx@DESKTOP-R38IOME
ERROR 2025-05-06 21:41:44,495 NE_RS_UNBLDRE: Unable to load application resource file /resources/downloaded_images/AST_AST-037.jpg api\debug\debug.cpp:20 xcx@DESKTOP-R38IOME
ERROR 2025-05-06 21:41:44,497 NE_RS_UNBLDRE: Unable to load application resource file /resources/downloaded_images/AST_AST-018.jpg api\debug\debug.cpp:20 xcx@DESKTOP-R38IOME
ERROR 2025-05-06 21:41:44,497 NE_RS_UNBLDRE: Unable to load application resource file /resources/downloaded_images/AST_AST-071.jpg api\debug\debug.cpp:20 xcx@DESKTOP-R38IOME
ERROR 2025-05-06 21:41:44,497 NE_RS_UNBLDRE: Unable to load application resource file /resources/downloaded_images/AST_AST-067.jpg api\debug\debug.cpp:20 xcx@DESKTOP-R38IOME
ERROR 2025-05-06 21:41:44,509 NE_RS_UNBLDRE: Unable to load application resource file /resources/downloaded_images/AST_AST-111.jpg api\debug\debug.cpp:20 xcx@DESKTOP-R38IOME
ERROR 2025-05-06 21:41:44,509 NE_RS_UNBLDRE: Unable to load application resource file /resources/downloaded_images/AST_AST-020.jpg api\debug\debug.cpp:20 xcx@DESKTOP-R38IOME
ERROR 2025-05-06 21:41:44,521 NE_RS_UNBLDRE: Unable to load application resource file /resources/downloaded_images/AST_AST-062.jpg api\debug\debug.cpp:20 xcx@DESKTOP-R38IOME
ERROR 2025-05-06 21:41:44,523 NE_RS_UNBLDRE: Unable to load application resource file /resources/downloaded_images/AST_AST-014.jpg api\debug\debug.cpp:20 xcx@DESKTOP-R38IOME
ERROR 2025-05-06 21:41:44,526 NE_RS_UNBLDRE: Unable to load application resource file /resources/downloaded_images/AST_AST-009.jpg api\debug\debug.cpp:20 xcx@DESKTOP-R38IOME
ERROR 2025-05-06 21:41:44,531 NE_RS_UNBLDRE: Unable to load application resource file /resources/downloaded_images/AST_AST-006.jpg api\debug\debug.cpp:20 xcx@DESKTOP-R38IOME
ERROR 2025-05-06 21:41:44,531 NE_RS_UNBLDRE: Unable to load application resource file /resources/downloaded_images/AST_AST-000.jpg api\debug\debug.cpp:20 xcx@DESKTOP-R38IOME
ERROR 2025-05-06 21:41:44,538 NE_RS_UNBLDRE: Unable to load application resource file /resources/downloaded_images/AST_AST-101.jpg api\debug\debug.cpp:20 xcx@DESKTOP-R38IOME
ERROR 2025-05-06 21:41:44,538 NE_RS_UNBLDRE: Unable to load application resource file /resources/downloaded_images/AST_AST-042.jpg api\debug\debug.cpp:20 xcx@DESKTOP-R38IOME
ERROR 2025-05-06 21:41:44,538 NE_RS_UNBLDRE: Unable to load application resource file /resources/downloaded_images/AST_AST-023.jpg api\debug\debug.cpp:20 xcx@DESKTOP-R38IOME
INFO 2025-05-06 21:43:31,043 Auth info was exported to ./.tmp/auth_info.json api\debug\debug.cpp:17 xcx@DESKTOP-R38IOME
ERROR 2025-05-06 21:43:31,603 NE_RS_UNBLDRE: Unable to load application resource file /resources/favicon.ico api\debug\debug.cpp:20 xcx@DESKTOP-R38IOME
INFO 2025-05-06 21:47:45,227 Reloading the application... api\debug\debug.cpp:17 xcx@DESKTOP-R38IOME
INFO 2025-05-06 21:47:52,101 Reloading the application... api\debug\debug.cpp:17 xcx@DESKTOP-R38IOME
INFO 2025-05-06 21:48:09,769 Auth info was exported to ./.tmp/auth_info.json api\debug\debug.cpp:17 xcx@DESKTOP-R38IOME
ERROR 2025-05-06 21:48:10,359 NE_RS_UNBLDRE: Unable to load application resource file /resources/favicon.ico api\debug\debug.cpp:20 xcx@DESKTOP-R38IOME
INFO 2025-05-06 21:52:21,137 Auth info was exported to ./.tmp/auth_info.json api\debug\debug.cpp:17 xcx@DESKTOP-R38IOME
ERROR 2025-05-06 21:52:21,649 NE_RS_UNBLDRE: Unable to load application resource file /resources/favicon.ico api\debug\debug.cpp:20 xcx@DESKTOP-R38IOME
INFO 2025-05-06 21:59:22,885 Reloading the application... api\debug\debug.cpp:17 xcx@DESKTOP-R38IOME
INFO 2025-05-06 21:59:23,002 Reloading the application... api\debug\debug.cpp:17 xcx@DESKTOP-R38IOME
INFO 2025-05-06 21:59:44,608 Reloading the application... api\debug\debug.cpp:17 xcx@DESKTOP-R38IOME
INFO 2025-05-06 21:59:47,710 Reloading the application... api\debug\debug.cpp:17 xcx@DESKTOP-R38IOME
INFO 2025-05-06 22:06:55,723 Reloading the application... api\debug\debug.cpp:17 xcx@DESKTOP-R38IOME
INFO 2025-05-06 22:09:23,205 Reloading the application... api\debug\debug.cpp:17 xcx@DESKTOP-R38IOME
INFO 2025-05-06 22:11:45,811 Auth info was exported to ./.tmp/auth_info.json api\debug\debug.cpp:17 xcx@DESKTOP-R38IOME
ERROR 2025-05-06 22:11:46,361 NE_RS_UNBLDRE: Unable to load application resource file /resources/favicon.ico api\debug\debug.cpp:20 xcx@DESKTOP-R38IOME
INFO 2025-05-06 22:12:04,630 Auth info was exported to ./.tmp/auth_info.json api\debug\debug.cpp:17 xcx@DESKTOP-R38IOME
ERROR 2025-05-06 22:12:05,143 NE_RS_UNBLDRE: Unable to load application resource file /resources/favicon.ico api\debug\debug.cpp:20 xcx@DESKTOP-R38IOME
